Copyright 1986-2022 Xilinx, Inc. All Rights Reserved.
---------------------------------------------------------------------------------------------
| Tool Version      : Vivado v.2022.1 (win64) Build 3526262 Mon Apr 18 15:48:16 MDT 2022
| Date              : Wed Sep 28 11:19:13 2022
| Host              : DESKTOP-BDA8VGJ running 64-bit major release  (build 9200)
| Command           : report_clock_utilization -file fpga_top_U_clock_utilization_routed.rpt
| Design            : fpga_top_U
| Device            : 7a35ti-csg324
| Speed File        : -1L  PRODUCTION 1.23 2018-06-13
| Temperature Grade : I
| Design State      : Routed
---------------------------------------------------------------------------------------------

Clock Utilization Report

Table of Contents
-----------------
1. Clock Primitive Utilization
2. Global Clock Resources
3. Global Clock Source Details
4. Local Clock Details
5. Clock Regions: Key Resource Utilization
6. Clock Regions : Global Clock Summary
7. Device Cell Placement Summary for Global Clock g0
8. Device Cell Placement Summary for Global Clock g1
9. Clock Region Cell Placement per Global Clock: Region X0Y0
10. Clock Region Cell Placement per Global Clock: Region X1Y0
11. Clock Region Cell Placement per Global Clock: Region X0Y1
12. Clock Region Cell Placement per Global Clock: Region X1Y1

1. Clock Primitive Utilization
------------------------------

+----------+------+-----------+-----+--------------+--------+
| Type     | Used | Available | LOC | Clock Region | Pblock |
+----------+------+-----------+-----+--------------+--------+
| BUFGCTRL |    2 |        32 |   0 |            0 |      0 |
| BUFH     |    0 |        72 |   0 |            0 |      0 |
| BUFIO    |    0 |        20 |   0 |            0 |      0 |
| BUFMR    |    0 |        10 |   0 |            0 |      0 |
| BUFR     |    0 |        20 |   0 |            0 |      0 |
| MMCM     |    1 |         5 |   0 |            0 |      0 |
| PLL      |    0 |         5 |   0 |            0 |      0 |
+----------+------+-----------+-----+--------------+--------+


2. Global Clock Resources
-------------------------

+-----------+-----------+-----------------+------------+----------------+--------------+-------------------+-------------+-----------------+--------------+--------------------+--------------------------+-----------------------------------+
| Global Id | Source Id | Driver Type/Pin | Constraint | Site           | Clock Region | Load Clock Region | Clock Loads | Non-Clock Loads | Clock Period | Clock              | Driver Pin               | Net                               |
+-----------+-----------+-----------------+------------+----------------+--------------+-------------------+-------------+-----------------+--------------+--------------------+--------------------------+-----------------------------------+
| g0        | src0      | BUFG/O          | None       | BUFGCTRL_X0Y16 | n/a          |                 4 |        8187 |               0 |       10.000 | clk_sys_clk_wiz_0  | CLOCK/inst/clkout1_buf/O | CLOCK/inst/clk_sys                |
| g1        | src1      | BUFG/O          | None       | BUFGCTRL_X0Y17 | n/a          |                 1 |           1 |               0 |       10.000 | clkfbout_clk_wiz_0 | CLOCK/inst/clkf_buf/O    | CLOCK/inst/clkfbout_buf_clk_wiz_0 |
+-----------+-----------+-----------------+------------+----------------+--------------+-------------------+-------------+-----------------+--------------+--------------------+--------------------------+-----------------------------------+
* Clock Loads column represents the clock pin loads (pin count). Internal cell leaf pins are not counted
** Non-Clock Loads column represents the non-clock pin loads (pin count)


3. Global Clock Source Details
------------------------------

+-----------+-----------+---------------------+------------+-----------------+--------------+-------------+-----------------+---------------------+--------------------+-----------------------------------+-------------------------------+
| Source Id | Global Id | Driver Type/Pin     | Constraint | Site            | Clock Region | Clock Loads | Non-Clock Loads | Source Clock Period | Source Clock       | Driver Pin                        | Net                           |
+-----------+-----------+---------------------+------------+-----------------+--------------+-------------+-----------------+---------------------+--------------------+-----------------------------------+-------------------------------+
| src0      | g0        | MMCME2_ADV/CLKOUT0  | None       | MMCME2_ADV_X1Y1 | X1Y1         |           1 |               0 |              10.000 | clk_sys_clk_wiz_0  | CLOCK/inst/mmcm_adv_inst/CLKOUT0  | CLOCK/inst/clk_sys_clk_wiz_0  |
| src1      | g1        | MMCME2_ADV/CLKFBOUT | None       | MMCME2_ADV_X1Y1 | X1Y1         |           1 |               0 |              10.000 | clkfbout_clk_wiz_0 | CLOCK/inst/mmcm_adv_inst/CLKFBOUT | CLOCK/inst/clkfbout_clk_wiz_0 |
+-----------+-----------+---------------------+------------+-----------------+--------------+-------------+-----------------+---------------------+--------------------+-----------------------------------+-------------------------------+
* Clock Loads column represents the clock pin loads (pin count). Internal cell leaf pins are not counted
** Non-Clock Loads column represents the non-clock pin loads (pin count)


4. Local Clock Details
----------------------

+----------+-----------------+------------+--------------------+--------------+-------------+-----------------+--------------+----------+--------------------------------------------------------+-------------------------------------------+
| Local Id | Driver Type/Pin | Constraint | Site/BEL           | Clock Region | Clock Loads | Non-Clock Loads | Clock Period | Clock    | Driver Pin                                             | Net                                       |
+----------+-----------------+------------+--------------------+--------------+-------------+-----------------+--------------+----------+--------------------------------------------------------+-------------------------------------------||
| 0        | FDCE/Q          | None       | SLICE_X61Y39/AFF   | X1Y0         |           2 |               1 |              |          | clk_mic_reg/Q                                          | MIC_clock                                 - Static -
| 1        | IBUF/O          | IOB_X1Y76  | IOB_X1Y76/INBUF_EN | X1Y1         |           1 |               0 |       10.000 | clk_100M | CLOCK/inst/clkin1_ibufg/O                              | CLOCK/inst/clk_in1_clk_wiz_0              - Static -
| 2        | LUT2/O          | None       | SLICE_X35Y36/B6LUT | X0Y0         |           1 |               1 |              |          | Series_recombination_loop/start_count_reg[0]_LDC_i_1/O | Series_recombination_loop/FFT_RESET_reg_0 - Static -
+----------+-----------------+------------+--------------------+--------------+-------------+-----------------+--------------+----------+--------------------------------------------------------+-------------------------------------------||
* Local Clocks in this context represents only clocks driven by non-global buffers
** Clock Loads column represents the clock pin loads (pin count). Internal cell leaf pins are not counted
*** Non-Clock Loads column represents the non-clock pin loads (pin count)


5. Clock Regions: Key Resource Utilization
------------------------------------------

+-------------------+--------------+--------------+--------------+--------------+--------------+--------------+--------------+--------------+--------------+--------------+--------------+--------------+--------------+--------------+--------------+
|                   | Global Clock |     BUFRs    |    BUFMRs    |    BUFIOs    |     MMCM     |      PLL     |      GT      |      PCI     |    ILOGIC    |    OLOGIC    |      FF      |     LUTM     |    RAMB18    |    RAMB36    |    DSP48E2   |
+-------------------+------+-------+------+-------+------+-------+------+-------+------+-------+------+-------+------+-------+------+-------+------+-------+------+-------+------+-------+------+-------+------+-------+------+-------+------+-------+
| Clock Region Name | Used | Avail | Used | Avail | Used | Avail | Used | Avail | Used | Avail | Used | Avail | Used | Avail | Used | Avail | Used | Avail | Used | Avail | Used | Avail | Used | Avail | Used | Avail | Used | Avail | Used | Avail |
+-------------------+------+-------+------+-------+------+-------+------+-------+------+-------+------+-------+------+-------+------+-------+------+-------+------+-------+------+-------+------+-------+------+-------+------+-------+------+-------+
| X0Y0              |    1 |    12 |    0 |     4 |    0 |     2 |    0 |     4 |    0 |     1 |    0 |     1 |    0 |     0 |    0 |     0 |    0 |    50 |    0 |    50 | 1101 |  1200 |  396 |   400 |    5 |    20 |    0 |    10 |    2 |    20 |
| X1Y0              |    1 |    12 |    0 |     4 |    0 |     2 |    0 |     4 |    0 |     1 |    0 |     1 |    0 |     0 |    0 |     0 |    0 |    50 |    0 |    50 | 4276 |  1500 | 1732 |   450 |    4 |    40 |    1 |    20 |   10 |    20 |
| X0Y1              |    1 |    12 |    0 |     4 |    0 |     2 |    0 |     4 |    0 |     1 |    0 |     1 |    0 |     0 |    0 |     0 |    0 |    50 |    0 |    50 |  206 |  1200 |  169 |   400 |    0 |    20 |    0 |    10 |    0 |    20 |
| X1Y1              |    2 |    12 |    0 |     4 |    0 |     2 |    0 |     4 |    1 |     1 |    0 |     1 |    0 |     0 |    0 |     0 |    0 |    50 |    0 |    50 | 1530 |  1500 | 1164 |   450 |    0 |    40 |    0 |    20 |    0 |    20 |
| X0Y2              |    0 |    12 |    0 |     4 |    0 |     2 |    0 |     4 |    0 |     1 |    0 |     1 |    0 |     0 |    0 |     0 |    0 |    50 |    0 |    50 |    0 |  1800 |    0 |   400 |    0 |    20 |    0 |    10 |    0 |    20 |
| X1Y2              |    0 |    12 |    0 |     0 |    0 |     0 |    0 |     0 |    0 |     0 |    0 |     0 |    0 |     4 |    0 |     1 |    0 |     0 |    0 |     0 |    0 |   950 |    0 |   300 |    0 |    10 |    0 |     5 |    0 |    20 |
+-------------------+------+-------+------+-------+------+-------+------+-------+------+-------+------+-------+------+-------+------+-------+------+-------+------+-------+------+-------+------+-------+------+-------+------+-------+------+-------+
* Global Clock column represents track count; while other columns represents cell counts


6. Clock Regions : Global Clock Summary
---------------------------------------

All Modules
+----+----+----+
|    | X0 | X1 |
+----+----+----+
| Y2 |  0 |  0 |
| Y1 |  1 |  2 |
| Y0 |  1 |  1 |
+----+----+----+


7. Device Cell Placement Summary for Global Clock g0
----------------------------------------------------

+-----------+-----------------+-------------------+-------------------+-------------+---------------+-------------+----------+----------------+----------+--------------------+
| Global Id | Driver Type/Pin | Driver Region (D) | Clock             | Period (ns) | Waveform (ns) | Slice Loads | IO Loads | Clocking Loads | GT Loads | Net                |
+-----------+-----------------+-------------------+-------------------+-------------+---------------+-------------+----------+----------------+----------+--------------------+
| g0        | BUFG/O          | n/a               | clk_sys_clk_wiz_0 |      10.000 | {0.000 5.000} |        8167 |        0 |              0 |        0 | CLOCK/inst/clk_sys |
+-----------+-----------------+-------------------+-------------------+-------------+---------------+-------------+----------+----------------+----------+--------------------+
* Slice Loads column represents load cell count of all cell types other than IO, GT and clock resources
** IO Loads column represents load cell count of IO types
*** Clocking Loads column represents load cell count that are clock resources (global clock buffer, MMCM, PLL, etc)
**** GT Loads column represents load cell count of GT types


+----+-------+-------+-----------------------+
|    | X0    | X1    | HORIZONTAL PROG DELAY |
+----+-------+-------+-----------------------+
| Y2 |     0 |     0 |                     - |
| Y1 |   286 |  2027 |                     0 |
| Y0 |  1161 |  4693 |                     0 |
+----+-------+-------+-----------------------+


8. Device Cell Placement Summary for Global Clock g1
----------------------------------------------------

+-----------+-----------------+-------------------+--------------------+-------------+---------------+-------------+----------+----------------+----------+-----------------------------------+
| Global Id | Driver Type/Pin | Driver Region (D) | Clock              | Period (ns) | Waveform (ns) | Slice Loads | IO Loads | Clocking Loads | GT Loads | Net                               |
+-----------+-----------------+-------------------+--------------------+-------------+---------------+-------------+----------+----------------+----------+-----------------------------------+
| g1        | BUFG/O          | n/a               | clkfbout_clk_wiz_0 |      10.000 | {0.000 5.000} |           0 |        0 |              1 |        0 | CLOCK/inst/clkfbout_buf_clk_wiz_0 |
+-----------+-----------------+-------------------+--------------------+-------------+---------------+-------------+----------+----------------+----------+-----------------------------------+
* Slice Loads column represents load cell count of all cell types other than IO, GT and clock resources
** IO Loads column represents load cell count of IO types
*** Clocking Loads column represents load cell count that are clock resources (global clock buffer, MMCM, PLL, etc)
**** GT Loads column represents load cell count of GT types


+----+----+----+-----------------------+
|    | X0 | X1 | HORIZONTAL PROG DELAY |
+----+----+----+-----------------------+
| Y2 |  0 |  0 |                     - |
| Y1 |  0 |  1 |                     0 |
| Y0 |  0 |  0 |                     - |
+----+----+----+-----------------------+


9. Clock Region Cell Placement per Global Clock: Region X0Y0
------------------------------------------------------------

+-----------+-------+-----------------+------------+-------------+-----------------+------+-------------+------+-----+----+------+-----+---------+--------------------+
| Global Id | Track | Driver Type/Pin | Constraint | Clock Loads | Non-Clock Loads | FF   | Memory LUTs | RAMB | DSP | GT | MMCM | PLL | Hard IP | Net                |
+-----------+-------+-----------------+------------+-------------+-----------------+------+-------------+------+-----+----+------+-----+---------+--------------------+
| g0        | n/a   | BUFG/O          | None       |        1161 |               0 | 1101 |          48 |    5 |   2 |  0 |    0 |   0 |       0 | CLOCK/inst/clk_sys |
+-----------+-------+-----------------+------------+-------------+-----------------+------+-------------+------+-----+----+------+-----+---------+--------------------+
* Clock Loads column represents the clock pin loads (pin count). Internal cell leaf pins are not counted
** Non-Clock Loads column represents the non-clock pin loads (pin count)
*** Columns FF, LUTRAM, RAMB through 'Hard IP' represents load cell counts


10. Clock Region Cell Placement per Global Clock: Region X1Y0
-------------------------------------------------------------

+-----------+-------+-----------------+------------+-------------+-----------------+------+-------------+------+-----+----+------+-----+---------+--------------------+
| Global Id | Track | Driver Type/Pin | Constraint | Clock Loads | Non-Clock Loads | FF   | Memory LUTs | RAMB | DSP | GT | MMCM | PLL | Hard IP | Net                |
+-----------+-------+-----------------+------------+-------------+-----------------+------+-------------+------+-----+----+------+-----+---------+--------------------+
| g0        | n/a   | BUFG/O          | None       |        4693 |               0 | 4274 |         399 |    5 |  10 |  0 |    0 |   0 |       0 | CLOCK/inst/clk_sys |
+-----------+-------+-----------------+------------+-------------+-----------------+------+-------------+------+-----+----+------+-----+---------+--------------------+
* Clock Loads column represents the clock pin loads (pin count). Internal cell leaf pins are not counted
** Non-Clock Loads column represents the non-clock pin loads (pin count)
*** Columns FF, LUTRAM, RAMB through 'Hard IP' represents load cell counts


11. Clock Region Cell Placement per Global Clock: Region X0Y1
-------------------------------------------------------------

+-----------+-------+-----------------+------------+-------------+-----------------+-----+-------------+------+-----+----+------+-----+---------+--------------------+
| Global Id | Track | Driver Type/Pin | Constraint | Clock Loads | Non-Clock Loads | FF  | Memory LUTs | RAMB | DSP | GT | MMCM | PLL | Hard IP | Net                |
+-----------+-------+-----------------+------------+-------------+-----------------+-----+-------------+------+-----+----+------+-----+---------+--------------------+
| g0        | n/a   | BUFG/O          | None       |         286 |               0 | 206 |          80 |    0 |   0 |  0 |    0 |   0 |       0 | CLOCK/inst/clk_sys |
+-----------+-------+-----------------+------------+-------------+-----------------+-----+-------------+------+-----+----+------+-----+---------+--------------------+
* Clock Loads column represents the clock pin loads (pin count). Internal cell leaf pins are not counted
** Non-Clock Loads column represents the non-clock pin loads (pin count)
*** Columns FF, LUTRAM, RAMB through 'Hard IP' represents load cell counts


12. Clock Region Cell Placement per Global Clock: Region X1Y1
-------------------------------------------------------------

+-----------+-------+-----------------+------------+-------------+-----------------+------+-------------+------+-----+----+------+-----+---------+-----------------------------------+
| Global Id | Track | Driver Type/Pin | Constraint | Clock Loads | Non-Clock Loads | FF   | Memory LUTs | RAMB | DSP | GT | MMCM | PLL | Hard IP | Net                               |
+-----------+-------+-----------------+------------+-------------+-----------------+------+-------------+------+-----+----+------+-----+---------+-----------------------------------+
| g0        | n/a   | BUFG/O          | None       |        2027 |               0 | 1530 |         497 |    0 |   0 |  0 |    0 |   0 |       0 | CLOCK/inst/clk_sys                |
| g1        | n/a   | BUFG/O          | None       |           1 |               0 |    0 |           0 |    0 |   0 |  0 |    1 |   0 |       0 | CLOCK/inst/clkfbout_buf_clk_wiz_0 |
+-----------+-------+-----------------+------------+-------------+-----------------+------+-------------+------+-----+----+------+-----+---------+-----------------------------------+
* Clock Loads column represents the clock pin loads (pin count). Internal cell leaf pins are not counted
** Non-Clock Loads column represents the non-clock pin loads (pin count)
*** Columns FF, LUTRAM, RAMB through 'Hard IP' represents load cell counts



# Location of BUFG Primitives 
set_property LOC BUFGCTRL_X0Y17 [get_cells CLOCK/inst/clkf_buf]
set_property LOC BUFGCTRL_X0Y16 [get_cells CLOCK/inst/clkout1_buf]

# Location of IO Primitives which is load of clock spine

# Location of clock ports
set_property LOC IOB_X1Y76 [get_ports clk_100M]

# Clock net "CLOCK/inst/clk_sys" driven by instance "CLOCK/inst/clkout1_buf" located at site "BUFGCTRL_X0Y16"
#startgroup
create_pblock {CLKAG_CLOCK/inst/clk_sys}
add_cells_to_pblock [get_pblocks  {CLKAG_CLOCK/inst/clk_sys}] [get_cells -filter { PRIMITIVE_GROUP != I/O && IS_PRIMITIVE==1 && PRIMITIVE_LEVEL !=INTERNAL } -of_object [get_pins -filter {DIRECTION==IN} -of_objects [get_nets -hierarchical -filter {PARENT=="CLOCK/inst/clk_sys"}]]]
resize_pblock [get_pblocks {CLKAG_CLOCK/inst/clk_sys}] -add {CLOCKREGION_X0Y0:CLOCKREGION_X0Y0 CLOCKREGION_X0Y1:CLOCKREGION_X0Y1 CLOCKREGION_X1Y0:CLOCKREGION_X1Y0 CLOCKREGION_X1Y1:CLOCKREGION_X1Y1}
#endgroup
