
*** Running vivado
    with args -log xbip_multadd_0.vds -m64 -product Vivado -mode batch -messageDb vivado.pb -notrace -source xbip_multadd_0.tcl



****** Vivado v2022.1 (64-bit)
  **** SW Build 3526262 on Mon Apr 18 15:48:16 MDT 2022
  **** IP Build 3524634 on Mon Apr 18 20:55:01 MDT 2022
    ** Copyright 1986-2022 Xilinx, Inc. All Rights Reserved.

source xbip_multadd_0.tcl -notrace
Command: synth_design -top xbip_multadd_0 -part xc7a35ticsg324-1L -incremental_mode off -mode out_of_context
Starting synth_design
Attempting to get a license for feature 'Synthesis' and/or device 'xc7a35ti'
INFO: [Common 17-349] Got license for feature 'Synthesis' and/or device 'xc7a35ti'
INFO: [Designutils 20-5008] Incremental synthesis strategy off
INFO: [Synth 8-7079] Multithreading enabled for synth_design using a maximum of 2 processes.
INFO: [Synth 8-7078] Launching helper process for spawning children vivado processes
INFO: [Synth 8-7075] Helper process launched with PID 12780
---------------------------------------------------------------------------------
Starting Synthesize : Time (s): cpu = 00:00:05 ; elapsed = 00:00:06 . Memory (MB): peak = 1291.125 ; gain = 0.000
---------------------------------------------------------------------------------
INFO: [Synth 8-638] synthesizing module 'xbip_multadd_0' [c:/REPOS/EGH400_1/VHDL/inital/initial_implemenation/initial_implemenation.gen/sources_1/ip/xbip_multadd_0_2/synth/xbip_multadd_0.vhd:70]
	Parameter C_VERBOSITY bound to: 0 - type: integer 
	Parameter C_XDEVICEFAMILY bound to: artix7 - type: string 
	Parameter C_A_WIDTH bound to: 16 - type: integer 
	Parameter C_B_WIDTH bound to: 16 - type: integer 
	Parameter C_C_WIDTH bound to: 16 - type: integer 
	Parameter C_A_TYPE bound to: 0 - type: integer 
	Parameter C_B_TYPE bound to: 0 - type: integer 
	Parameter C_C_TYPE bound to: 0 - type: integer 
	Parameter C_CE_OVERRIDES_SCLR bound to: 0 - type: integer 
	Parameter C_AB_LATENCY bound to: 0 - type: integer 
	Parameter C_C_LATENCY bound to: 0 - type: integer 
	Parameter C_OUT_HIGH bound to: 15 - type: integer 
	Parameter C_OUT_LOW bound to: 0 - type: integer 
	Parameter C_USE_PCIN bound to: 0 - type: integer 
	Parameter C_TEST_CORE bound to: 0 - type: integer 
INFO: [Synth 8-3491] module 'xbip_multadd_v3_0_17' declared at 'c:/REPOS/EGH400_1/VHDL/inital/initial_implemenation/initial_implemenation.gen/sources_1/ip/xbip_multadd_0_2/hdl/xbip_multadd_v3_0_vh_rfs.vhd:2168' bound to instance 'U0' of component 'xbip_multadd_v3_0_17' [c:/REPOS/EGH400_1/VHDL/inital/initial_implemenation/initial_implemenation.gen/sources_1/ip/xbip_multadd_0_2/synth/xbip_multadd_0.vhd:125]
INFO: [Synth 8-256] done synthesizing module 'xbip_multadd_0' (0#1) [c:/REPOS/EGH400_1/VHDL/inital/initial_implemenation/initial_implemenation.gen/sources_1/ip/xbip_multadd_0_2/synth/xbip_multadd_0.vhd:70]
WARNING: [Synth 8-7129] Port CE in module xbip_dsp48e1_wrapper_v3_0 is either unconnected or has no load
WARNING: [Synth 8-7129] Port SCLR in module xbip_dsp48e1_wrapper_v3_0 is either unconnected or has no load
WARNING: [Synth 8-7129] Port CEA1 in module xbip_dsp48e1_wrapper_v3_0 is either unconnected or has no load
WARNING: [Synth 8-7129] Port CEA2 in module xbip_dsp48e1_wrapper_v3_0 is either unconnected or has no load
WARNING: [Synth 8-7129] Port CEB1 in module xbip_dsp48e1_wrapper_v3_0 is either unconnected or has no load
WARNING: [Synth 8-7129] Port CEB2 in module xbip_dsp48e1_wrapper_v3_0 is either unconnected or has no load
WARNING: [Synth 8-7129] Port CEAD in module xbip_dsp48e1_wrapper_v3_0 is either unconnected or has no load
WARNING: [Synth 8-7129] Port CED in module xbip_dsp48e1_wrapper_v3_0 is either unconnected or has no load
WARNING: [Synth 8-7129] Port CEC in module xbip_dsp48e1_wrapper_v3_0 is either unconnected or has no load
WARNING: [Synth 8-7129] Port CECARRYIN in module xbip_dsp48e1_wrapper_v3_0 is either unconnected or has no load
WARNING: [Synth 8-7129] Port CECTRL in module xbip_dsp48e1_wrapper_v3_0 is either unconnected or has no load
WARNING: [Synth 8-7129] Port CEALUMODE in module xbip_dsp48e1_wrapper_v3_0 is either unconnected or has no load
WARNING: [Synth 8-7129] Port CEINMODE in module xbip_dsp48e1_wrapper_v3_0 is either unconnected or has no load
WARNING: [Synth 8-7129] Port CEM in module xbip_dsp48e1_wrapper_v3_0 is either unconnected or has no load
WARNING: [Synth 8-7129] Port CEP in module xbip_dsp48e1_wrapper_v3_0 is either unconnected or has no load
WARNING: [Synth 8-7129] Port SCLRA in module xbip_dsp48e1_wrapper_v3_0 is either unconnected or has no load
WARNING: [Synth 8-7129] Port SCLRB in module xbip_dsp48e1_wrapper_v3_0 is either unconnected or has no load
WARNING: [Synth 8-7129] Port SCLRC in module xbip_dsp48e1_wrapper_v3_0 is either unconnected or has no load
WARNING: [Synth 8-7129] Port SCLRD in module xbip_dsp48e1_wrapper_v3_0 is either unconnected or has no load
WARNING: [Synth 8-7129] Port SCLRALLCARRYIN in module xbip_dsp48e1_wrapper_v3_0 is either unconnected or has no load
WARNING: [Synth 8-7129] Port SCLRCTRL in module xbip_dsp48e1_wrapper_v3_0 is either unconnected or has no load
WARNING: [Synth 8-7129] Port SCLRALUMODE in module xbip_dsp48e1_wrapper_v3_0 is either unconnected or has no load
WARNING: [Synth 8-7129] Port SCLRINMODE in module xbip_dsp48e1_wrapper_v3_0 is either unconnected or has no load
WARNING: [Synth 8-7129] Port SCLRM in module xbip_dsp48e1_wrapper_v3_0 is either unconnected or has no load
WARNING: [Synth 8-7129] Port SCLRP in module xbip_dsp48e1_wrapper_v3_0 is either unconnected or has no load
WARNING: [Synth 8-7129] Port CARRYOUT in module xbip_dsp48_multadd_synth is either unconnected or has no load
WARNING: [Synth 8-7129] Port PCIN[47] in module multadd_dsp is either unconnected or has no load
WARNING: [Synth 8-7129] Port PCIN[46] in module multadd_dsp is either unconnected or has no load
WARNING: [Synth 8-7129] Port PCIN[45] in module multadd_dsp is either unconnected or has no load
WARNING: [Synth 8-7129] Port PCIN[44] in module multadd_dsp is either unconnected or has no load
WARNING: [Synth 8-7129] Port PCIN[43] in module multadd_dsp is either unconnected or has no load
WARNING: [Synth 8-7129] Port PCIN[42] in module multadd_dsp is either unconnected or has no load
WARNING: [Synth 8-7129] Port PCIN[41] in module multadd_dsp is either unconnected or has no load
WARNING: [Synth 8-7129] Port PCIN[40] in module multadd_dsp is either unconnected or has no load
WARNING: [Synth 8-7129] Port PCIN[39] in module multadd_dsp is either unconnected or has no load
WARNING: [Synth 8-7129] Port PCIN[38] in module multadd_dsp is either unconnected or has no load
WARNING: [Synth 8-7129] Port PCIN[37] in module multadd_dsp is either unconnected or has no load
WARNING: [Synth 8-7129] Port PCIN[36] in module multadd_dsp is either unconnected or has no load
WARNING: [Synth 8-7129] Port PCIN[35] in module multadd_dsp is either unconnected or has no load
WARNING: [Synth 8-7129] Port PCIN[34] in module multadd_dsp is either unconnected or has no load
WARNING: [Synth 8-7129] Port PCIN[33] in module multadd_dsp is either unconnected or has no load
WARNING: [Synth 8-7129] Port PCIN[32] in module multadd_dsp is either unconnected or has no load
WARNING: [Synth 8-7129] Port PCIN[31] in module multadd_dsp is either unconnected or has no load
WARNING: [Synth 8-7129] Port PCIN[30] in module multadd_dsp is either unconnected or has no load
WARNING: [Synth 8-7129] Port PCIN[29] in module multadd_dsp is either unconnected or has no load
WARNING: [Synth 8-7129] Port PCIN[28] in module multadd_dsp is either unconnected or has no load
WARNING: [Synth 8-7129] Port PCIN[27] in module multadd_dsp is either unconnected or has no load
WARNING: [Synth 8-7129] Port PCIN[26] in module multadd_dsp is either unconnected or has no load
WARNING: [Synth 8-7129] Port PCIN[25] in module multadd_dsp is either unconnected or has no load
WARNING: [Synth 8-7129] Port PCIN[24] in module multadd_dsp is either unconnected or has no load
WARNING: [Synth 8-7129] Port PCIN[23] in module multadd_dsp is either unconnected or has no load
WARNING: [Synth 8-7129] Port PCIN[22] in module multadd_dsp is either unconnected or has no load
WARNING: [Synth 8-7129] Port PCIN[21] in module multadd_dsp is either unconnected or has no load
WARNING: [Synth 8-7129] Port PCIN[20] in module multadd_dsp is either unconnected or has no load
WARNING: [Synth 8-7129] Port PCIN[19] in module multadd_dsp is either unconnected or has no load
WARNING: [Synth 8-7129] Port PCIN[18] in module multadd_dsp is either unconnected or has no load
WARNING: [Synth 8-7129] Port PCIN[17] in module multadd_dsp is either unconnected or has no load
WARNING: [Synth 8-7129] Port PCIN[16] in module multadd_dsp is either unconnected or has no load
WARNING: [Synth 8-7129] Port PCIN[15] in module multadd_dsp is either unconnected or has no load
WARNING: [Synth 8-7129] Port PCIN[14] in module multadd_dsp is either unconnected or has no load
WARNING: [Synth 8-7129] Port PCIN[13] in module multadd_dsp is either unconnected or has no load
WARNING: [Synth 8-7129] Port PCIN[12] in module multadd_dsp is either unconnected or has no load
WARNING: [Synth 8-7129] Port PCIN[11] in module multadd_dsp is either unconnected or has no load
WARNING: [Synth 8-7129] Port PCIN[10] in module multadd_dsp is either unconnected or has no load
WARNING: [Synth 8-7129] Port PCIN[9] in module multadd_dsp is either unconnected or has no load
WARNING: [Synth 8-7129] Port PCIN[8] in module multadd_dsp is either unconnected or has no load
WARNING: [Synth 8-7129] Port PCIN[7] in module multadd_dsp is either unconnected or has no load
WARNING: [Synth 8-7129] Port PCIN[6] in module multadd_dsp is either unconnected or has no load
WARNING: [Synth 8-7129] Port PCIN[5] in module multadd_dsp is either unconnected or has no load
WARNING: [Synth 8-7129] Port PCIN[4] in module multadd_dsp is either unconnected or has no load
WARNING: [Synth 8-7129] Port PCIN[3] in module multadd_dsp is either unconnected or has no load
WARNING: [Synth 8-7129] Port PCIN[2] in module multadd_dsp is either unconnected or has no load
WARNING: [Synth 8-7129] Port PCIN[1] in module multadd_dsp is either unconnected or has no load
WARNING: [Synth 8-7129] Port PCIN[0] in module multadd_dsp is either unconnected or has no load
---------------------------------------------------------------------------------
Finished Synthesize : Time (s): cpu = 00:00:09 ; elapsed = 00:00:10 . Memory (MB): peak = 1291.125 ; gain = 0.000
---------------------------------------------------------------------------------
---------------------------------------------------------------------------------
Finished Constraint Validation : Time (s): cpu = 00:00:10 ; elapsed = 00:00:10 . Memory (MB): peak = 1291.125 ; gain = 0.000
---------------------------------------------------------------------------------
---------------------------------------------------------------------------------
Start Loading Part and Timing Information
---------------------------------------------------------------------------------
Loading part: xc7a35ticsg324-1L
---------------------------------------------------------------------------------
Finished Loading Part and Timing Information : Time (s): cpu = 00:00:10 ; elapsed = 00:00:10 . Memory (MB): peak = 1291.125 ; gain = 0.000
---------------------------------------------------------------------------------
INFO: [Device 21-403] Loading part xc7a35ticsg324-1L
---------------------------------------------------------------------------------
Finished RTL Optimization Phase 2 : Time (s): cpu = 00:00:10 ; elapsed = 00:00:10 . Memory (MB): peak = 1291.125 ; gain = 0.000
---------------------------------------------------------------------------------
No constraint files found.
---------------------------------------------------------------------------------
Start RTL Component Statistics 
---------------------------------------------------------------------------------
---------------------------------------------------------------------------------
Finished RTL Component Statistics 
---------------------------------------------------------------------------------
---------------------------------------------------------------------------------
Start Part Resource Summary
---------------------------------------------------------------------------------
Part Resources:
DSPs: 90 (col length:60)
BRAMs: 100 (col length: RAMB18 60 RAMB36 30)
---------------------------------------------------------------------------------
Finished Part Resource Summary
---------------------------------------------------------------------------------
No constraint files found.
---------------------------------------------------------------------------------
Start Cross Boundary and Area Optimization
---------------------------------------------------------------------------------
WARNING: [Synth 8-7080] Parallel synthesis criteria is not met
WARNING: [Synth 8-7129] Port CE in module xbip_multadd_v3_0_17_viv is either unconnected or has no load
WARNING: [Synth 8-7129] Port SCLR in module xbip_multadd_v3_0_17_viv is either unconnected or has no load
WARNING: [Synth 8-7129] Port PCIN[47] in module xbip_multadd_v3_0_17_viv is either unconnected or has no load
WARNING: [Synth 8-7129] Port PCIN[46] in module xbip_multadd_v3_0_17_viv is either unconnected or has no load
WARNING: [Synth 8-7129] Port PCIN[45] in module xbip_multadd_v3_0_17_viv is either unconnected or has no load
WARNING: [Synth 8-7129] Port PCIN[44] in module xbip_multadd_v3_0_17_viv is either unconnected or has no load
WARNING: [Synth 8-7129] Port PCIN[43] in module xbip_multadd_v3_0_17_viv is either unconnected or has no load
WARNING: [Synth 8-7129] Port PCIN[42] in module xbip_multadd_v3_0_17_viv is either unconnected or has no load
WARNING: [Synth 8-7129] Port PCIN[41] in module xbip_multadd_v3_0_17_viv is either unconnected or has no load
WARNING: [Synth 8-7129] Port PCIN[40] in module xbip_multadd_v3_0_17_viv is either unconnected or has no load
WARNING: [Synth 8-7129] Port PCIN[39] in module xbip_multadd_v3_0_17_viv is either unconnected or has no load
WARNING: [Synth 8-7129] Port PCIN[38] in module xbip_multadd_v3_0_17_viv is either unconnected or has no load
WARNING: [Synth 8-7129] Port PCIN[37] in module xbip_multadd_v3_0_17_viv is either unconnected or has no load
WARNING: [Synth 8-7129] Port PCIN[36] in module xbip_multadd_v3_0_17_viv is either unconnected or has no load
WARNING: [Synth 8-7129] Port PCIN[35] in module xbip_multadd_v3_0_17_viv is either unconnected or has no load
WARNING: [Synth 8-7129] Port PCIN[34] in module xbip_multadd_v3_0_17_viv is either unconnected or has no load
WARNING: [Synth 8-7129] Port PCIN[33] in module xbip_multadd_v3_0_17_viv is either unconnected or has no load
WARNING: [Synth 8-7129] Port PCIN[32] in module xbip_multadd_v3_0_17_viv is either unconnected or has no load
WARNING: [Synth 8-7129] Port PCIN[31] in module xbip_multadd_v3_0_17_viv is either unconnected or has no load
WARNING: [Synth 8-7129] Port PCIN[30] in module xbip_multadd_v3_0_17_viv is either unconnected or has no load
WARNING: [Synth 8-7129] Port PCIN[29] in module xbip_multadd_v3_0_17_viv is either unconnected or has no load
WARNING: [Synth 8-7129] Port PCIN[28] in module xbip_multadd_v3_0_17_viv is either unconnected or has no load
WARNING: [Synth 8-7129] Port PCIN[27] in module xbip_multadd_v3_0_17_viv is either unconnected or has no load
WARNING: [Synth 8-7129] Port PCIN[26] in module xbip_multadd_v3_0_17_viv is either unconnected or has no load
WARNING: [Synth 8-7129] Port PCIN[25] in module xbip_multadd_v3_0_17_viv is either unconnected or has no load
WARNING: [Synth 8-7129] Port PCIN[24] in module xbip_multadd_v3_0_17_viv is either unconnected or has no load
INFO: [Common 17-14] Message 'Synth 8-7129' appears 100 times and further instances of the messages will be disabled. Use the Tcl command set_msg_config to change the current settings.
---------------------------------------------------------------------------------
Finished Cross Boundary and Area Optimization : Time (s): cpu = 00:00:13 ; elapsed = 00:00:14 . Memory (MB): peak = 1291.125 ; gain = 0.000
---------------------------------------------------------------------------------
No constraint files found.
---------------------------------------------------------------------------------
Start Timing Optimization
---------------------------------------------------------------------------------
---------------------------------------------------------------------------------
Finished Timing Optimization : Time (s): cpu = 00:00:14 ; elapsed = 00:00:14 . Memory (MB): peak = 1291.125 ; gain = 0.000
---------------------------------------------------------------------------------
---------------------------------------------------------------------------------
Start Technology Mapping
---------------------------------------------------------------------------------
---------------------------------------------------------------------------------
Finished Technology Mapping : Time (s): cpu = 00:00:14 ; elapsed = 00:00:15 . Memory (MB): peak = 1291.125 ; gain = 0.000
---------------------------------------------------------------------------------
---------------------------------------------------------------------------------
Start IO Insertion
---------------------------------------------------------------------------------
---------------------------------------------------------------------------------
Start Flattening Before IO Insertion
---------------------------------------------------------------------------------
---------------------------------------------------------------------------------
Finished Flattening Before IO Insertion
---------------------------------------------------------------------------------
---------------------------------------------------------------------------------
Start Final Netlist Cleanup
---------------------------------------------------------------------------------
---------------------------------------------------------------------------------
Finished Final Netlist Cleanup
---------------------------------------------------------------------------------
---------------------------------------------------------------------------------
Finished IO Insertion : Time (s): cpu = 00:00:17 ; elapsed = 00:00:18 . Memory (MB): peak = 1291.125 ; gain = 0.000
---------------------------------------------------------------------------------
---------------------------------------------------------------------------------
Start Renaming Generated Instances
---------------------------------------------------------------------------------
---------------------------------------------------------------------------------
Finished Renaming Generated Instances : Time (s): cpu = 00:00:17 ; elapsed = 00:00:18 . Memory (MB): peak = 1291.125 ; gain = 0.000
---------------------------------------------------------------------------------
---------------------------------------------------------------------------------
Start Rebuilding User Hierarchy
---------------------------------------------------------------------------------
---------------------------------------------------------------------------------
Finished Rebuilding User Hierarchy : Time (s): cpu = 00:00:17 ; elapsed = 00:00:18 . Memory (MB): peak = 1291.125 ; gain = 0.000
---------------------------------------------------------------------------------
---------------------------------------------------------------------------------
Start Renaming Generated Ports
---------------------------------------------------------------------------------
---------------------------------------------------------------------------------
Finished Renaming Generated Ports : Time (s): cpu = 00:00:17 ; elapsed = 00:00:18 . Memory (MB): peak = 1291.125 ; gain = 0.000
---------------------------------------------------------------------------------
---------------------------------------------------------------------------------
Start Handling Custom Attributes
---------------------------------------------------------------------------------
---------------------------------------------------------------------------------
Finished Handling Custom Attributes : Time (s): cpu = 00:00:17 ; elapsed = 00:00:18 . Memory (MB): peak = 1291.125 ; gain = 0.000
---------------------------------------------------------------------------------
---------------------------------------------------------------------------------
Start Renaming Generated Nets
---------------------------------------------------------------------------------
---------------------------------------------------------------------------------
Finished Renaming Generated Nets : Time (s): cpu = 00:00:17 ; elapsed = 00:00:18 . Memory (MB): peak = 1291.125 ; gain = 0.000
---------------------------------------------------------------------------------
---------------------------------------------------------------------------------
Start Writing Synthesis Report
---------------------------------------------------------------------------------

DSP Final Report (the ' indicates corresponding REG is set)
+--------------------------+-------------+--------+--------+--------+--------+--------+------+------+------+------+-------+------+------+
|Module Name               | DSP Mapping | A Size | B Size | C Size | D Size | P Size | AREG | BREG | CREG | DREG | ADREG | MREG | PREG | 
+--------------------------+-------------+--------+--------+--------+--------+--------+------+------+------+------+-------+------+------+
|xbip_dsp48e1_wrapper_v3_0 | Dynamic     | -      | -      | -      | -      | 48     | -    | -    | -    | -    | -     | 0    | 0    | 
+--------------------------+-------------+--------+--------+--------+--------+--------+------+------+------+------+-------+------+------+


Report BlackBoxes: 
+-+--------------+----------+
| |BlackBox name |Instances |
+-+--------------+----------+
+-+--------------+----------+

Report Cell Usage: 
+------+--------+------+
|      |Cell    |Count |
+------+--------+------+
|1     |DSP48E1 |     1|
+------+--------+------+
---------------------------------------------------------------------------------
Finished Writing Synthesis Report : Time (s): cpu = 00:00:17 ; elapsed = 00:00:18 . Memory (MB): peak = 1291.125 ; gain = 0.000
---------------------------------------------------------------------------------
Synthesis finished with 0 errors, 0 critical warnings and 125 warnings.
Synthesis Optimization Runtime : Time (s): cpu = 00:00:17 ; elapsed = 00:00:18 . Memory (MB): peak = 1291.125 ; gain = 0.000
Synthesis Optimization Complete : Time (s): cpu = 00:00:17 ; elapsed = 00:00:18 . Memory (MB): peak = 1291.125 ; gain = 0.000
INFO: [Project 1-571] Translating synthesized netlist
Netlist sorting complete. Time (s): cpu = 00:00:00 ; elapsed = 00:00:00.005 . Memory (MB): peak = 1291.125 ; gain = 0.000
INFO: [Netlist 29-17] Analyzing 1 Unisim elements for replacement
INFO: [Netlist 29-28] Unisim Transformation completed in 0 CPU seconds
INFO: [Project 1-570] Preparing netlist for logic optimization
INFO: [Opt 31-138] Pushed 0 inverter(s) to 0 load pin(s).
Netlist sorting complete. Time (s): cpu = 00:00:00 ; elapsed = 00:00:00 . Memory (MB): peak = 1291.125 ; gain = 0.000
INFO: [Project 1-111] Unisim Transformation Summary:
No Unisim elements were transformed.

Synth Design complete, checksum: fcd7dd88
INFO: [Common 17-83] Releasing license: Synthesis
17 Infos, 101 Warnings, 0 Critical Warnings and 0 Errors encountered.
synth_design completed successfully
synth_design: Time (s): cpu = 00:00:18 ; elapsed = 00:00:19 . Memory (MB): peak = 1291.125 ; gain = 0.000
INFO: [Timing 38-35] Done setting XDC timing constraints.
INFO: [Common 17-1381] The checkpoint 'C:/REPOS/EGH400_1/VHDL/inital/initial_implemenation/initial_implemenation.runs/xbip_multadd_0_synth_1/xbip_multadd_0.dcp' has been generated.
write_checkpoint: Time (s): cpu = 00:00:06 ; elapsed = 00:00:06 . Memory (MB): peak = 1424.609 ; gain = 133.484
INFO: [Coretcl 2-1648] Added synthesis output to IP cache for IP xbip_multadd_0, cache-ID = 02ed7eaeb025de16
INFO: [Coretcl 2-1174] Renamed 6 cell refs.
INFO: [Common 17-1381] The checkpoint 'C:/REPOS/EGH400_1/VHDL/inital/initial_implemenation/initial_implemenation.runs/xbip_multadd_0_synth_1/xbip_multadd_0.dcp' has been generated.
INFO: [runtcl-4] Executing : report_utilization -file xbip_multadd_0_utilization_synth.rpt -pb xbip_multadd_0_utilization_synth.pb
INFO: [Common 17-206] Exiting Vivado at Tue May 24 18:53:38 2022...
