#-----------------------------------------------------------
# Vivado v2022.1 (64-bit)
# SW Build 3526262 on Mon Apr 18 15:48:16 MDT 2022
# IP Build 3524634 on Mon Apr 18 20:55:01 MDT 2022
# Start of session at: Sun Jun  5 16:01:44 2022
# Process ID: 6724
# Current directory: C:/REPOS/EGH400_1/EGH400-1 Thesis/VHDL/initial/iniital_2/project_3
# Command line: vivado.exe -gui_launcher_event rodinguilauncherevent37920 C:\REPOS\EGH400_1\EGH400-1 Thesis\VHDL\initial\iniital_2\project_3\project_3.xpr
# Log file: C:/REPOS/EGH400_1/EGH400-1 Thesis/VHDL/initial/iniital_2/project_3/vivado.log
# Journal file: C:/REPOS/EGH400_1/EGH400-1 Thesis/VHDL/initial/iniital_2/project_3\vivado.jou
# Running On: DESKTOP-BDA8VGJ, OS: Windows, CPU Frequency: 3600 MHz, CPU Physical cores: 8, Host memory: 25599 MB
#-----------------------------------------------------------
start_gui
open_project {C:/REPOS/EGH400_1/EGH400-1 Thesis/VHDL/initial/iniital_2/project_3/project_3.xpr}
WARNING: [Board 49-26] cannot add Board Part xilinx.com:kc705:part0:1.6 available at C:/Xilinx/Vivado/2022.1/data/xhub/boards/XilinxBoardStore/boards/Xilinx/kc705/1.6/board.xml as part xc7k325tffg900-2 specified in board_part file is either invalid or not available
WARNING: [Board 49-26] cannot add Board Part xilinx.com:kcu105:part0:1.6 available at C:/Xilinx/Vivado/2022.1/data/xhub/boards/XilinxBoardStore/boards/Xilinx/kcu105/1.6/board.xml as part xcku040-ffva1156-2-e specified in board_part file is either invalid or not available
WARNING: [Board 49-26] cannot add Board Part xilinx.com:kcu105:part0:1.7 available at C:/Xilinx/Vivado/2022.1/data/xhub/boards/XilinxBoardStore/boards/Xilinx/kcu105/1.7/board.xml as part xcku040-ffva1156-2-e specified in board_part file is either invalid or not available
WARNING: [Board 49-26] cannot add Board Part xilinx.com:kcu1500:part0:1.2 available at C:/Xilinx/Vivado/2022.1/data/xhub/boards/XilinxBoardStore/boards/Xilinx/kcu1500/1.2/board.xml as part xcku115-flvb2104-2-e specified in board_part file is either invalid or not available
WARNING: [Board 49-26] cannot add Board Part xilinx.com:vc707:part0:1.4 available at C:/Xilinx/Vivado/2022.1/data/xhub/boards/XilinxBoardStore/boards/Xilinx/vc707/1.4/board.xml as part xc7vx485tffg1761-2 specified in board_part file is either invalid or not available
WARNING: [Board 49-26] cannot add Board Part xilinx.com:vc709:part0:1.8 available at C:/Xilinx/Vivado/2022.1/data/xhub/boards/XilinxBoardStore/boards/Xilinx/vc709/1.8/board.xml as part xc7vx690tffg1761-2 specified in board_part file is either invalid or not available
WARNING: [Board 49-26] cannot add Board Part xilinx.com:vck190:part0:2.2 available at C:/Xilinx/Vivado/2022.1/data/xhub/boards/XilinxBoardStore/boards/Xilinx/vck190/production/2.2/board.xml as part xcvc1902-vsva2197-2mp-e-s specified in board_part file is either invalid or not available
WARNING: [Board 49-26] cannot add Board Part xilinx.com:vck190:part0:3.0 available at C:/Xilinx/Vivado/2022.1/data/xhub/boards/XilinxBoardStore/boards/Xilinx/vck190/production/3.0/board.xml as part xcvc1902-vsva2197-2mp-e-s specified in board_part file is either invalid or not available
WARNING: [Board 49-26] cannot add Board Part xilinx.com:vck190_newl:part0:1.0 available at C:/Xilinx/Vivado/2022.1/data/xhub/boards/XilinxBoardStore/boards/Xilinx/vck190_newl/production/1.0/board.xml as part xcvc1902-vsva2197-2mp-e-s specified in board_part file is either invalid or not available
WARNING: [Board 49-26] cannot add Board Part xilinx.com:vcu108:part0:1.6 available at C:/Xilinx/Vivado/2022.1/data/xhub/boards/XilinxBoardStore/boards/Xilinx/vcu108/1.6/board.xml as part xcvu095-ffva2104-2-e specified in board_part file is either invalid or not available
WARNING: [Board 49-26] cannot add Board Part xilinx.com:vcu108:part0:1.7 available at C:/Xilinx/Vivado/2022.1/data/xhub/boards/XilinxBoardStore/boards/Xilinx/vcu108/1.7/board.xml as part xcvu095-ffva2104-2-e specified in board_part file is either invalid or not available
WARNING: [Board 49-26] cannot add Board Part xilinx.com:vcu110:part0:1.4 available at C:/Xilinx/Vivado/2022.1/data/xhub/boards/XilinxBoardStore/boards/Xilinx/vcu110/1.4/board.xml as part xcvu190-flgc2104-2-e specified in board_part file is either invalid or not available
WARNING: [Board 49-26] cannot add Board Part xilinx.com:vcu118:part0:2.0 available at C:/Xilinx/Vivado/2022.1/data/xhub/boards/XilinxBoardStore/boards/Xilinx/vcu118/2.0/board.xml as part xcvu9p-flga2104-2l-e specified in board_part file is either invalid or not available
WARNING: [Board 49-26] cannot add Board Part xilinx.com:vcu118:part0:2.3 available at C:/Xilinx/Vivado/2022.1/data/xhub/boards/XilinxBoardStore/boards/Xilinx/vcu118/2.3/board.xml as part xcvu9p-flga2104-2l-e specified in board_part file is either invalid or not available
WARNING: [Board 49-26] cannot add Board Part xilinx.com:vcu118:part0:2.4 available at C:/Xilinx/Vivado/2022.1/data/xhub/boards/XilinxBoardStore/boards/Xilinx/vcu118/2.4/board.xml as part xcvu9p-flga2104-2l-e specified in board_part file is either invalid or not available
WARNING: [Board 49-26] cannot add Board Part xilinx.com:vcu128:part0:1.0 available at C:/Xilinx/Vivado/2022.1/data/xhub/boards/XilinxBoardStore/boards/Xilinx/vcu128/production/1.0/board.xml as part xcvu37p-fsvh2892-2l-e specified in board_part file is either invalid or not available
WARNING: [Board 49-26] cannot add Board Part xilinx.com:vcu129:part0:1.0 available at C:/Xilinx/Vivado/2022.1/data/xhub/boards/XilinxBoardStore/boards/Xilinx/vcu129/production/1.0/board.xml as part xcvu29p-fsga2577-2l-e specified in board_part file is either invalid or not available
WARNING: [Board 49-26] cannot add Board Part xilinx.com:vcu1525:part0:1.3 available at C:/Xilinx/Vivado/2022.1/data/xhub/boards/XilinxBoardStore/boards/Xilinx/vcu1525/1.3/board.xml as part xcvu9p-fsgd2104-2l-e specified in board_part file is either invalid or not available
WARNING: [Board 49-26] cannot add Board Part xilinx.com:vermeo_t1_mpsoc:part0:1.0 available at C:/Xilinx/Vivado/2022.1/data/xhub/boards/XilinxBoardStore/boards/Xilinx/vermeo_t1_mpsoc/1.0/board.xml as part xczu19eg-ffvd1760-2l-e specified in board_part file is either invalid or not available
WARNING: [Board 49-26] cannot add Board Part xilinx.com:vermeo_t1_rfsoc:part0:1.0 available at C:/Xilinx/Vivado/2022.1/data/xhub/boards/XilinxBoardStore/boards/Xilinx/vermeo_t1_rfsoc/1.0/board.xml as part xczu21dr-ffvd1156-2l-e specified in board_part file is either invalid or not available
WARNING: [Board 49-26] cannot add Board Part xilinx.com:vmk180:part0:2.2 available at C:/Xilinx/Vivado/2022.1/data/xhub/boards/XilinxBoardStore/boards/Xilinx/vmk180/production/2.2/board.xml as part xcvm1802-vsva2197-2mp-e-s specified in board_part file is either invalid or not available
WARNING: [Board 49-26] cannot add Board Part xilinx.com:vmk180:part0:3.0 available at C:/Xilinx/Vivado/2022.1/data/xhub/boards/XilinxBoardStore/boards/Xilinx/vmk180/production/3.0/board.xml as part xcvm1802-vsva2197-2mp-e-s specified in board_part file is either invalid or not available
WARNING: [Board 49-26] cannot add Board Part xilinx.com:vmk180_newl:part0:1.0 available at C:/Xilinx/Vivado/2022.1/data/xhub/boards/XilinxBoardStore/boards/Xilinx/vmk180_newl/production/1.0/board.xml as part xcvm1802-vsva2197-2mp-e-s specified in board_part file is either invalid or not available
WARNING: [Board 49-26] cannot add Board Part xilinx.com:vpk120_es:part0:1.2 available at C:/Xilinx/Vivado/2022.1/data/xhub/boards/XilinxBoardStore/boards/Xilinx/vpk120/es/1.2/board.xml as part xcvp1202-vsva2785-2mp-e-s-es1 specified in board_part file is either invalid or not available
WARNING: [Board 49-26] cannot add Board Part xilinx.com:vpk120_es_revb:part0:1.0 available at C:/Xilinx/Vivado/2022.1/data/xhub/boards/XilinxBoardStore/boards/Xilinx/vpk120_revb/es/1.0/board.xml as part xcvp1202-vsva2785-2mp-e-s-es1 specified in board_part file is either invalid or not available
WARNING: [Board 49-26] cannot add Board Part xilinx.com:zc702:part0:1.4 available at C:/Xilinx/Vivado/2022.1/data/xhub/boards/XilinxBoardStore/boards/Xilinx/zc702/1.4/board.xml as part xc7z020clg484-1 specified in board_part file is either invalid or not available
WARNING: [Board 49-26] cannot add Board Part xilinx.com:zc706:part0:1.4 available at C:/Xilinx/Vivado/2022.1/data/xhub/boards/XilinxBoardStore/boards/Xilinx/zc706/1.4/board.xml as part xc7z045ffg900-2 specified in board_part file is either invalid or not available
WARNING: [Board 49-26] cannot add Board Part xilinx.com:zcu102:part0:3.3 available at C:/Xilinx/Vivado/2022.1/data/xhub/boards/XilinxBoardStore/boards/Xilinx/zcu102/3.3/board.xml as part xczu9eg-ffvb1156-2-e specified in board_part file is either invalid or not available
WARNING: [Board 49-26] cannot add Board Part xilinx.com:zcu102:part0:3.4 available at C:/Xilinx/Vivado/2022.1/data/xhub/boards/XilinxBoardStore/boards/Xilinx/zcu102/3.4/board.xml as part xczu9eg-ffvb1156-2-e specified in board_part file is either invalid or not available
WARNING: [Board 49-26] cannot add Board Part xilinx.com:zcu104:part0:1.1 available at C:/Xilinx/Vivado/2022.1/data/xhub/boards/XilinxBoardStore/boards/Xilinx/zcu104/1.1/board.xml as part xczu7ev-ffvc1156-2-e specified in board_part file is either invalid or not available
WARNING: [Board 49-26] cannot add Board Part xilinx.com:zcu106:part0:2.4 available at C:/Xilinx/Vivado/2022.1/data/xhub/boards/XilinxBoardStore/boards/Xilinx/zcu106/2.4/board.xml as part xczu7ev-ffvc1156-2-e specified in board_part file is either invalid or not available
WARNING: [Board 49-26] cannot add Board Part xilinx.com:zcu106:part0:2.5 available at C:/Xilinx/Vivado/2022.1/data/xhub/boards/XilinxBoardStore/boards/Xilinx/zcu106/2.5/board.xml as part xczu7ev-ffvc1156-2-e specified in board_part file is either invalid or not available
WARNING: [Board 49-26] cannot add Board Part xilinx.com:zcu106:part0:2.6 available at C:/Xilinx/Vivado/2022.1/data/xhub/boards/XilinxBoardStore/boards/Xilinx/zcu106/2.6/board.xml as part xczu7ev-ffvc1156-2-e specified in board_part file is either invalid or not available
WARNING: [Board 49-26] cannot add Board Part xilinx.com:zcu111:part0:1.2 available at C:/Xilinx/Vivado/2022.1/data/xhub/boards/XilinxBoardStore/boards/Xilinx/zcu111/1.2/board.xml as part xczu28dr-ffvg1517-2-e specified in board_part file is either invalid or not available
WARNING: [Board 49-26] cannot add Board Part xilinx.com:zcu111:part0:1.3 available at C:/Xilinx/Vivado/2022.1/data/xhub/boards/XilinxBoardStore/boards/Xilinx/zcu111/1.3/board.xml as part xczu28dr-ffvg1517-2-e specified in board_part file is either invalid or not available
WARNING: [Board 49-26] cannot add Board Part xilinx.com:zcu111:part0:1.4 available at C:/Xilinx/Vivado/2022.1/data/xhub/boards/XilinxBoardStore/boards/Xilinx/zcu111/1.4/board.xml as part xczu28dr-ffvg1517-2-e specified in board_part file is either invalid or not available
WARNING: [Board 49-26] cannot add Board Part xilinx.com:zcu1275:part0:1.0 available at C:/Xilinx/Vivado/2022.1/data/xhub/boards/XilinxBoardStore/boards/Xilinx/zcu1275/1.0/board.xml as part xczu29dr-ffvf1760-2-e specified in board_part file is either invalid or not available
WARNING: [Board 49-26] cannot add Board Part xilinx.com:zcu1285:part0:1.0 available at C:/Xilinx/Vivado/2022.1/data/xhub/boards/XilinxBoardStore/boards/Xilinx/zcu1285/1.0/board.xml as part xczu39dr-ffvf1760-2-i specified in board_part file is either invalid or not available
WARNING: [Board 49-26] cannot add Board Part xilinx.com:zcu208:part0:2.0 available at C:/Xilinx/Vivado/2022.1/data/xhub/boards/XilinxBoardStore/boards/Xilinx/zcu208/production/2.0/board.xml as part xczu48dr-fsvg1517-2-e specified in board_part file is either invalid or not available
WARNING: [Board 49-26] cannot add Board Part xilinx.com:zcu208ld:part0:2.0 available at C:/Xilinx/Vivado/2022.1/data/xhub/boards/XilinxBoardStore/boards/Xilinx/zcu208ld/production/2.0/board.xml as part xczu58dr-fsvg1517-2-i specified in board_part file is either invalid or not available
WARNING: [Board 49-26] cannot add Board Part xilinx.com:zcu216:part0:2.0 available at C:/Xilinx/Vivado/2022.1/data/xhub/boards/XilinxBoardStore/boards/Xilinx/zcu216/production/2.0/board.xml as part xczu49dr-ffvf1760-2-e specified in board_part file is either invalid or not available
WARNING: [Board 49-26] cannot add Board Part xilinx.com:zcu216ld:part0:2.0 available at C:/Xilinx/Vivado/2022.1/data/xhub/boards/XilinxBoardStore/boards/Xilinx/zcu216ld/production/2.0/board.xml as part xczu59dr-ffvf1760-2-i specified in board_part file is either invalid or not available
WARNING: [Board 49-26] cannot add Board Part xilinx.com:zcu670:part0:2.0 available at C:/Xilinx/Vivado/2022.1/data/xhub/boards/XilinxBoardStore/boards/Xilinx/zcu670/2.0/board.xml as part xczu67dr-fsve1156-2-i specified in board_part file is either invalid or not available
WARNING: [Board 49-26] cannot add Board Part xilinx.com:zcu670ld:part0:1.0 available at C:/Xilinx/Vivado/2022.1/data/xhub/boards/XilinxBoardStore/boards/Xilinx/zcu670ld/1.0/board.xml as part xczu57dr-fsve1156-2-i specified in board_part file is either invalid or not available
INFO: [Project 1-313] Project file moved from 'C:/REPOS/EGH400_1/EGH400-1 Thesis/VHDL/inital/iniital_2/project_3' since last save.
Scanning sources...
Finished scanning sources
INFO: [IP_Flow 19-234] Refreshing IP repositories
INFO: [IP_Flow 19-1704] No user IP repositories specified
INFO: [IP_Flow 19-2313] Loaded Vivado IP repository 'C:/Xilinx/Vivado/2022.1/data/ip'.
open_project: Time (s): cpu = 00:00:23 ; elapsed = 00:00:09 . Memory (MB): peak = 1699.562 ; gain = 0.000
update_compile_order -fileset sources_1
save_project_as Initial_Implementation_FFT {C:/REPOS/EGH400_1/EGH400-1 Thesis/VHDL/initial/Initial_Implementation_FFT} -force
INFO: [IP_Flow 19-7005] Skipping external file c:/REPOS/EGH400_1/EGH400-1 Thesis/VHDL/initial/iniital_2/project_3/project_3.srcs/sources_1/ip/DFT_values_2.coe
INFO: [IP_Flow 19-7005] Skipping external file c:/REPOS/EGH400_1/EGH400-1 Thesis/VHDL/initial/iniital_2/project_3/project_3.srcs/sources_1/ip/DFT_values_3.coe
INFO: [IP_Flow 19-7005] Skipping external file c:/REPOS/EGH400_1/EGH400-1 Thesis/VHDL/initial/iniital_2/project_3/project_3.srcs/sources_1/ip/DFT_values_4.coe
INFO: [IP_Flow 19-7005] Skipping external file c:/REPOS/EGH400_1/EGH400-1 Thesis/VHDL/initial/iniital_2/project_3/project_3.srcs/sources_1/ip/DFT_values_5.coe
INFO: [IP_Flow 19-7005] Skipping external file c:/REPOS/EGH400_1/EGH400-1 Thesis/VHDL/initial/iniital_2/project_3/project_3.srcs/sources_1/ip/DFT_values_6.coe
INFO: [IP_Flow 19-7005] Skipping external file c:/REPOS/EGH400_1/EGH400-1 Thesis/VHDL/initial/iniital_2/project_3/project_3.srcs/sources_1/ip/DFT_values_7.coe
INFO: [IP_Flow 19-7005] Skipping external file c:/REPOS/EGH400_1/EGH400-1 Thesis/VHDL/initial/iniital_2/project_3/project_3.srcs/sources_1/ip/DFT_values_8.coe
INFO: [IP_Flow 19-7005] Skipping external file c:/REPOS/EGH400_1/EGH400-1 Thesis/VHDL/initial/iniital_2/project_3/project_3.srcs/sources_1/ip/TW_values.coe
INFO: [IP_Flow 19-7005] Skipping external file c:/REPOS/EGH400_1/EGH400-1 Thesis/VHDL/initial/iniital_2/project_3/project_3.srcs/sources_1/ip/DFT_values.coe
save_project_as: Time (s): cpu = 00:00:07 ; elapsed = 00:00:05 . Memory (MB): peak = 1699.562 ; gain = 0.000
WARNING: [IP_Flow 19-4067] Ignoring invalid widget type specified checkbox.Providing a default widget
WARNING: [IP_Flow 19-4067] Ignoring invalid widget type specified checkbox.Providing a default widget
INFO: [IP_Flow 19-3484] Absolute path of file 'c:/REPOS/EGH400_1/EGH400-1 Thesis/VHDL/initial/Initial_Implementation_FFT/Initial_Implementation_FFT.srcs/sources_1/ip/DFT_values.coe' provided. It will be converted relative to IP Instance files '../../../../../../Initial_Implementation_FFT/Initial_Implementation_FFT.srcs/sources_1/ip/DFT_values.coe'
set_property -dict [list CONFIG.Coe_File {C:/REPOS/EGH400_1/EGH400-1 Thesis/VHDL/initial/Initial_Implementation_FFT/Initial_Implementation_FFT.srcs/sources_1/ip/DFT_values.coe}] [get_ips DFTBD_MEM1]
INFO: [IP_Flow 19-3484] Absolute path of file 'c:/REPOS/EGH400_1/EGH400-1 Thesis/VHDL/initial/Initial_Implementation_FFT/Initial_Implementation_FFT.srcs/sources_1/ip/DFT_values.coe' provided. It will be converted relative to IP Instance files '../DFT_values.coe'
WARNING: [IP_Flow 19-4067] Ignoring invalid widget type specified checkbox.Providing a default widget
WARNING: [IP_Flow 19-4067] Ignoring invalid widget type specified checkbox.Providing a default widget
INFO: [IP_Flow 19-3484] Absolute path of file 'c:/REPOS/EGH400_1/EGH400-1 Thesis/VHDL/initial/Initial_Implementation_FFT/Initial_Implementation_FFT.srcs/sources_1/ip/DFT_values_2.coe' provided. It will be converted relative to IP Instance files '../../../../../../Initial_Implementation_FFT/Initial_Implementation_FFT.srcs/sources_1/ip/DFT_values_2.coe'
set_property -dict [list CONFIG.Coe_File {C:/REPOS/EGH400_1/EGH400-1 Thesis/VHDL/initial/Initial_Implementation_FFT/Initial_Implementation_FFT.srcs/sources_1/ip/DFT_values_2.coe}] [get_ips DFTBD_MEM2]
INFO: [IP_Flow 19-3484] Absolute path of file 'c:/REPOS/EGH400_1/EGH400-1 Thesis/VHDL/initial/Initial_Implementation_FFT/Initial_Implementation_FFT.srcs/sources_1/ip/DFT_values_2.coe' provided. It will be converted relative to IP Instance files '../DFT_values_2.coe'
WARNING: [IP_Flow 19-4067] Ignoring invalid widget type specified checkbox.Providing a default widget
WARNING: [IP_Flow 19-4067] Ignoring invalid widget type specified checkbox.Providing a default widget
INFO: [IP_Flow 19-3484] Absolute path of file 'c:/REPOS/EGH400_1/EGH400-1 Thesis/VHDL/initial/Initial_Implementation_FFT/Initial_Implementation_FFT.srcs/sources_1/ip/DFT_values_8.coe' provided. It will be converted relative to IP Instance files '../../../../../../Initial_Implementation_FFT/Initial_Implementation_FFT.srcs/sources_1/ip/DFT_values_8.coe'
set_property -dict [list CONFIG.Coe_File {C:/REPOS/EGH400_1/EGH400-1 Thesis/VHDL/initial/Initial_Implementation_FFT/Initial_Implementation_FFT.srcs/sources_1/ip/DFT_values_8.coe}] [get_ips DFTBD_MEM8]
INFO: [IP_Flow 19-3484] Absolute path of file 'c:/REPOS/EGH400_1/EGH400-1 Thesis/VHDL/initial/Initial_Implementation_FFT/Initial_Implementation_FFT.srcs/sources_1/ip/DFT_values_8.coe' provided. It will be converted relative to IP Instance files '../DFT_values_8.coe'
WARNING: [IP_Flow 19-4067] Ignoring invalid widget type specified checkbox.Providing a default widget
WARNING: [IP_Flow 19-4067] Ignoring invalid widget type specified checkbox.Providing a default widget
INFO: [IP_Flow 19-3484] Absolute path of file 'c:/REPOS/EGH400_1/EGH400-1 Thesis/VHDL/initial/Initial_Implementation_FFT/Initial_Implementation_FFT.srcs/sources_1/ip/DFT_values_3.coe' provided. It will be converted relative to IP Instance files '../../../../../../Initial_Implementation_FFT/Initial_Implementation_FFT.srcs/sources_1/ip/DFT_values_3.coe'
set_property -dict [list CONFIG.Coe_File {C:/REPOS/EGH400_1/EGH400-1 Thesis/VHDL/initial/Initial_Implementation_FFT/Initial_Implementation_FFT.srcs/sources_1/ip/DFT_values_3.coe}] [get_ips DFTBD_MEM3]
INFO: [IP_Flow 19-3484] Absolute path of file 'c:/REPOS/EGH400_1/EGH400-1 Thesis/VHDL/initial/Initial_Implementation_FFT/Initial_Implementation_FFT.srcs/sources_1/ip/DFT_values_3.coe' provided. It will be converted relative to IP Instance files '../DFT_values_3.coe'
WARNING: [IP_Flow 19-4067] Ignoring invalid widget type specified checkbox.Providing a default widget
WARNING: [IP_Flow 19-4067] Ignoring invalid widget type specified checkbox.Providing a default widget
INFO: [IP_Flow 19-3484] Absolute path of file 'c:/REPOS/EGH400_1/EGH400-1 Thesis/VHDL/initial/Initial_Implementation_FFT/Initial_Implementation_FFT.srcs/sources_1/ip/DFT_values_4.coe' provided. It will be converted relative to IP Instance files '../../../../../../Initial_Implementation_FFT/Initial_Implementation_FFT.srcs/sources_1/ip/DFT_values_4.coe'
set_property -dict [list CONFIG.Coe_File {C:/REPOS/EGH400_1/EGH400-1 Thesis/VHDL/initial/Initial_Implementation_FFT/Initial_Implementation_FFT.srcs/sources_1/ip/DFT_values_4.coe}] [get_ips DFTBD_MEM4]
INFO: [IP_Flow 19-3484] Absolute path of file 'c:/REPOS/EGH400_1/EGH400-1 Thesis/VHDL/initial/Initial_Implementation_FFT/Initial_Implementation_FFT.srcs/sources_1/ip/DFT_values_4.coe' provided. It will be converted relative to IP Instance files '../DFT_values_4.coe'
WARNING: [IP_Flow 19-4067] Ignoring invalid widget type specified checkbox.Providing a default widget
WARNING: [IP_Flow 19-4067] Ignoring invalid widget type specified checkbox.Providing a default widget
INFO: [IP_Flow 19-3484] Absolute path of file 'c:/REPOS/EGH400_1/EGH400-1 Thesis/VHDL/initial/Initial_Implementation_FFT/Initial_Implementation_FFT.srcs/sources_1/ip/DFT_values_5.coe' provided. It will be converted relative to IP Instance files '../../../../../../Initial_Implementation_FFT/Initial_Implementation_FFT.srcs/sources_1/ip/DFT_values_5.coe'
set_property -dict [list CONFIG.Coe_File {C:/REPOS/EGH400_1/EGH400-1 Thesis/VHDL/initial/Initial_Implementation_FFT/Initial_Implementation_FFT.srcs/sources_1/ip/DFT_values_5.coe}] [get_ips DFTBD_MEM5]
INFO: [IP_Flow 19-3484] Absolute path of file 'c:/REPOS/EGH400_1/EGH400-1 Thesis/VHDL/initial/Initial_Implementation_FFT/Initial_Implementation_FFT.srcs/sources_1/ip/DFT_values_5.coe' provided. It will be converted relative to IP Instance files '../DFT_values_5.coe'
WARNING: [IP_Flow 19-4067] Ignoring invalid widget type specified checkbox.Providing a default widget
WARNING: [IP_Flow 19-4067] Ignoring invalid widget type specified checkbox.Providing a default widget
INFO: [IP_Flow 19-3484] Absolute path of file 'c:/REPOS/EGH400_1/EGH400-1 Thesis/VHDL/initial/Initial_Implementation_FFT/Initial_Implementation_FFT.srcs/sources_1/ip/DFT_values_6.coe' provided. It will be converted relative to IP Instance files '../../../../../../Initial_Implementation_FFT/Initial_Implementation_FFT.srcs/sources_1/ip/DFT_values_6.coe'
set_property -dict [list CONFIG.Coe_File {C:/REPOS/EGH400_1/EGH400-1 Thesis/VHDL/initial/Initial_Implementation_FFT/Initial_Implementation_FFT.srcs/sources_1/ip/DFT_values_6.coe}] [get_ips DFTBD_MEM6]
INFO: [IP_Flow 19-3484] Absolute path of file 'c:/REPOS/EGH400_1/EGH400-1 Thesis/VHDL/initial/Initial_Implementation_FFT/Initial_Implementation_FFT.srcs/sources_1/ip/DFT_values_6.coe' provided. It will be converted relative to IP Instance files '../DFT_values_6.coe'
WARNING: [IP_Flow 19-4067] Ignoring invalid widget type specified checkbox.Providing a default widget
WARNING: [IP_Flow 19-4067] Ignoring invalid widget type specified checkbox.Providing a default widget
INFO: [IP_Flow 19-3484] Absolute path of file 'c:/REPOS/EGH400_1/EGH400-1 Thesis/VHDL/initial/Initial_Implementation_FFT/Initial_Implementation_FFT.srcs/sources_1/ip/DFT_values_7.coe' provided. It will be converted relative to IP Instance files '../../../../../../Initial_Implementation_FFT/Initial_Implementation_FFT.srcs/sources_1/ip/DFT_values_7.coe'
set_property -dict [list CONFIG.Coe_File {C:/REPOS/EGH400_1/EGH400-1 Thesis/VHDL/initial/Initial_Implementation_FFT/Initial_Implementation_FFT.srcs/sources_1/ip/DFT_values_7.coe}] [get_ips DFTBD_MEM7]
INFO: [IP_Flow 19-3484] Absolute path of file 'c:/REPOS/EGH400_1/EGH400-1 Thesis/VHDL/initial/Initial_Implementation_FFT/Initial_Implementation_FFT.srcs/sources_1/ip/DFT_values_7.coe' provided. It will be converted relative to IP Instance files '../DFT_values_7.coe'
reset_run synth_1
launch_runs synth_1
INFO: [Vivado 12-4149] The synthesis checkpoint for IP 'C:/REPOS/EGH400_1/EGH400-1 Thesis/VHDL/initial/Initial_Implementation_FFT/Initial_Implementation_FFT.srcs/sources_1/ip/TW_RAM/TW_RAM.xci' is already up-to-date
INFO: [Vivado 12-4149] The synthesis checkpoint for IP 'C:/REPOS/EGH400_1/EGH400-1 Thesis/VHDL/initial/Initial_Implementation_FFT/Initial_Implementation_FFT.srcs/sources_1/ip/dsp_macro_0/dsp_macro_0.xci' is already up-to-date
INFO: [Vivado 12-4149] The synthesis checkpoint for IP 'C:/REPOS/EGH400_1/EGH400-1 Thesis/VHDL/initial/Initial_Implementation_FFT/Initial_Implementation_FFT.srcs/sources_1/ip/DFTBD_MEM1/DFTBD_MEM1.xci' is already up-to-date
INFO: [Vivado 12-4149] The synthesis checkpoint for IP 'C:/REPOS/EGH400_1/EGH400-1 Thesis/VHDL/initial/Initial_Implementation_FFT/Initial_Implementation_FFT.srcs/sources_1/ip/clk_wiz_0/clk_wiz_0.xci' is already up-to-date
[Sun Jun  5 16:06:21 2022] Launched synth_1...
Run output will be captured here: C:/REPOS/EGH400_1/EGH400-1 Thesis/VHDL/initial/Initial_Implementation_FFT/Initial_Implementation_FFT.runs/synth_1/runme.log
synth_design -rtl -rtl_skip_mlo -name rtl_1
Command: synth_design -rtl -rtl_skip_mlo -name rtl_1
Starting synth_design
Using part: xc7a35ticsg324-1L
Top: fpga_top
INFO: [Device 21-403] Loading part xc7a35ticsg324-1L
---------------------------------------------------------------------------------
Starting RTL Elaboration : Time (s): cpu = 00:00:04 ; elapsed = 00:00:04 . Memory (MB): peak = 1921.512 ; gain = 221.949
---------------------------------------------------------------------------------
INFO: [Synth 8-638] synthesizing module 'fpga_top' [C:/REPOS/EGH400_1/EGH400-1 Thesis/VHDL/initial_2/fpga_top.vhd:37]
INFO: [Synth 8-3491] module 'clk_wiz_0' declared at 'C:/REPOS/EGH400_1/EGH400-1 Thesis/VHDL/initial/iniital_2/project_3/.Xil/Vivado-6724-DESKTOP-BDA8VGJ/realtime/clk_wiz_0_stub.vhdl:5' bound to instance 'CLOCK' of component 'clk_wiz_0' [C:/REPOS/EGH400_1/EGH400-1 Thesis/VHDL/initial_2/fpga_top.vhd:103]
INFO: [Synth 8-638] synthesizing module 'clk_wiz_0' [C:/REPOS/EGH400_1/EGH400-1 Thesis/VHDL/initial/iniital_2/project_3/.Xil/Vivado-6724-DESKTOP-BDA8VGJ/realtime/clk_wiz_0_stub.vhdl:15]
INFO: [Synth 8-3491] module 'DFTBD_RAM' declared at 'C:/REPOS/EGH400_1/EGH400-1 Thesis/VHDL/initial/Initial_Implementation_FFT/Initial_Implementation_FFT.srcs/sources_1/new/DFTBD_RAM.vhd:35' bound to instance 'DFTBD_RAMs' of component 'DFTBD_RAM' [C:/REPOS/EGH400_1/EGH400-1 Thesis/VHDL/initial_2/fpga_top.vhd:112]
INFO: [Synth 8-638] synthesizing module 'DFTBD_RAM' [C:/REPOS/EGH400_1/EGH400-1 Thesis/VHDL/initial/Initial_Implementation_FFT/Initial_Implementation_FFT.srcs/sources_1/new/DFTBD_RAM.vhd:46]
INFO: [Synth 8-3491] module 'DFTBD_MEM1' declared at 'C:/REPOS/EGH400_1/EGH400-1 Thesis/VHDL/initial/iniital_2/project_3/.Xil/Vivado-6724-DESKTOP-BDA8VGJ/realtime/DFTBD_MEM1_stub.vhdl:5' bound to instance 'DFTBD_RAM1' of component 'DFTBD_MEM1' [C:/REPOS/EGH400_1/EGH400-1 Thesis/VHDL/initial/Initial_Implementation_FFT/Initial_Implementation_FFT.srcs/sources_1/new/DFTBD_RAM.vhd:162]
INFO: [Synth 8-638] synthesizing module 'DFTBD_MEM1' [C:/REPOS/EGH400_1/EGH400-1 Thesis/VHDL/initial/iniital_2/project_3/.Xil/Vivado-6724-DESKTOP-BDA8VGJ/realtime/DFTBD_MEM1_stub.vhdl:17]
INFO: [Synth 8-3491] module 'DFTBD_MEM2' declared at 'C:/REPOS/EGH400_1/EGH400-1 Thesis/VHDL/initial/iniital_2/project_3/.Xil/Vivado-6724-DESKTOP-BDA8VGJ/realtime/DFTBD_MEM2_stub.vhdl:5' bound to instance 'DFTBD_RAM2' of component 'DFTBD_MEM2' [C:/REPOS/EGH400_1/EGH400-1 Thesis/VHDL/initial/Initial_Implementation_FFT/Initial_Implementation_FFT.srcs/sources_1/new/DFTBD_RAM.vhd:172]
INFO: [Synth 8-638] synthesizing module 'DFTBD_MEM2' [C:/REPOS/EGH400_1/EGH400-1 Thesis/VHDL/initial/iniital_2/project_3/.Xil/Vivado-6724-DESKTOP-BDA8VGJ/realtime/DFTBD_MEM2_stub.vhdl:17]
INFO: [Synth 8-3491] module 'DFTBD_MEM8' declared at 'C:/REPOS/EGH400_1/EGH400-1 Thesis/VHDL/initial/iniital_2/project_3/.Xil/Vivado-6724-DESKTOP-BDA8VGJ/realtime/DFTBD_MEM8_stub.vhdl:5' bound to instance 'DFTBD_RAM8' of component 'DFTBD_MEM8' [C:/REPOS/EGH400_1/EGH400-1 Thesis/VHDL/initial/Initial_Implementation_FFT/Initial_Implementation_FFT.srcs/sources_1/new/DFTBD_RAM.vhd:182]
INFO: [Synth 8-638] synthesizing module 'DFTBD_MEM8' [C:/REPOS/EGH400_1/EGH400-1 Thesis/VHDL/initial/iniital_2/project_3/.Xil/Vivado-6724-DESKTOP-BDA8VGJ/realtime/DFTBD_MEM8_stub.vhdl:17]
INFO: [Synth 8-3491] module 'DFTBD_MEM3' declared at 'C:/REPOS/EGH400_1/EGH400-1 Thesis/VHDL/initial/iniital_2/project_3/.Xil/Vivado-6724-DESKTOP-BDA8VGJ/realtime/DFTBD_MEM3_stub.vhdl:5' bound to instance 'DFTBD_RAM3' of component 'DFTBD_MEM3' [C:/REPOS/EGH400_1/EGH400-1 Thesis/VHDL/initial/Initial_Implementation_FFT/Initial_Implementation_FFT.srcs/sources_1/new/DFTBD_RAM.vhd:192]
INFO: [Synth 8-638] synthesizing module 'DFTBD_MEM3' [C:/REPOS/EGH400_1/EGH400-1 Thesis/VHDL/initial/iniital_2/project_3/.Xil/Vivado-6724-DESKTOP-BDA8VGJ/realtime/DFTBD_MEM3_stub.vhdl:17]
INFO: [Synth 8-3491] module 'DFTBD_MEM4' declared at 'C:/REPOS/EGH400_1/EGH400-1 Thesis/VHDL/initial/iniital_2/project_3/.Xil/Vivado-6724-DESKTOP-BDA8VGJ/realtime/DFTBD_MEM4_stub.vhdl:5' bound to instance 'DFTBD_RAM4' of component 'DFTBD_MEM4' [C:/REPOS/EGH400_1/EGH400-1 Thesis/VHDL/initial/Initial_Implementation_FFT/Initial_Implementation_FFT.srcs/sources_1/new/DFTBD_RAM.vhd:202]
INFO: [Synth 8-638] synthesizing module 'DFTBD_MEM4' [C:/REPOS/EGH400_1/EGH400-1 Thesis/VHDL/initial/iniital_2/project_3/.Xil/Vivado-6724-DESKTOP-BDA8VGJ/realtime/DFTBD_MEM4_stub.vhdl:17]
INFO: [Synth 8-3491] module 'DFTBD_MEM5' declared at 'C:/REPOS/EGH400_1/EGH400-1 Thesis/VHDL/initial/iniital_2/project_3/.Xil/Vivado-6724-DESKTOP-BDA8VGJ/realtime/DFTBD_MEM5_stub.vhdl:5' bound to instance 'DFTBD_RAM5' of component 'DFTBD_MEM5' [C:/REPOS/EGH400_1/EGH400-1 Thesis/VHDL/initial/Initial_Implementation_FFT/Initial_Implementation_FFT.srcs/sources_1/new/DFTBD_RAM.vhd:212]
INFO: [Synth 8-638] synthesizing module 'DFTBD_MEM5' [C:/REPOS/EGH400_1/EGH400-1 Thesis/VHDL/initial/iniital_2/project_3/.Xil/Vivado-6724-DESKTOP-BDA8VGJ/realtime/DFTBD_MEM5_stub.vhdl:17]
INFO: [Synth 8-3491] module 'DFTBD_MEM6' declared at 'C:/REPOS/EGH400_1/EGH400-1 Thesis/VHDL/initial/iniital_2/project_3/.Xil/Vivado-6724-DESKTOP-BDA8VGJ/realtime/DFTBD_MEM6_stub.vhdl:5' bound to instance 'DFTBD_RAM6' of component 'DFTBD_MEM6' [C:/REPOS/EGH400_1/EGH400-1 Thesis/VHDL/initial/Initial_Implementation_FFT/Initial_Implementation_FFT.srcs/sources_1/new/DFTBD_RAM.vhd:222]
INFO: [Synth 8-638] synthesizing module 'DFTBD_MEM6' [C:/REPOS/EGH400_1/EGH400-1 Thesis/VHDL/initial/iniital_2/project_3/.Xil/Vivado-6724-DESKTOP-BDA8VGJ/realtime/DFTBD_MEM6_stub.vhdl:17]
INFO: [Synth 8-3491] module 'DFTBD_MEM7' declared at 'C:/REPOS/EGH400_1/EGH400-1 Thesis/VHDL/initial/iniital_2/project_3/.Xil/Vivado-6724-DESKTOP-BDA8VGJ/realtime/DFTBD_MEM7_stub.vhdl:5' bound to instance 'DFTBD_RAM7' of component 'DFTBD_MEM7' [C:/REPOS/EGH400_1/EGH400-1 Thesis/VHDL/initial/Initial_Implementation_FFT/Initial_Implementation_FFT.srcs/sources_1/new/DFTBD_RAM.vhd:232]
INFO: [Synth 8-638] synthesizing module 'DFTBD_MEM7' [C:/REPOS/EGH400_1/EGH400-1 Thesis/VHDL/initial/iniital_2/project_3/.Xil/Vivado-6724-DESKTOP-BDA8VGJ/realtime/DFTBD_MEM7_stub.vhdl:17]
INFO: [Synth 8-256] done synthesizing module 'DFTBD_RAM' (0#1) [C:/REPOS/EGH400_1/EGH400-1 Thesis/VHDL/initial/Initial_Implementation_FFT/Initial_Implementation_FFT.srcs/sources_1/new/DFTBD_RAM.vhd:46]
INFO: [Synth 8-3491] module 'DFT_loop' declared at 'C:/REPOS/EGH400_1/EGH400-1 Thesis/VHDL/initial/Initial_Implementation_FFT/Initial_Implementation_FFT.srcs/sources_1/new/DFT_loop.vhd:5' bound to instance 'Series_recombination_loop' of component 'DFT_loop' [C:/REPOS/EGH400_1/EGH400-1 Thesis/VHDL/initial_2/fpga_top.vhd:124]
INFO: [Synth 8-638] synthesizing module 'DFT_loop' [C:/REPOS/EGH400_1/EGH400-1 Thesis/VHDL/initial/Initial_Implementation_FFT/Initial_Implementation_FFT.srcs/sources_1/new/DFT_loop.vhd:19]
INFO: [Synth 8-3491] module 'dsp_macro_0' declared at 'C:/REPOS/EGH400_1/EGH400-1 Thesis/VHDL/initial/iniital_2/project_3/.Xil/Vivado-6724-DESKTOP-BDA8VGJ/realtime/dsp_macro_0_stub.vhdl:5' bound to instance 'first' of component 'dsp_macro_0' [C:/REPOS/EGH400_1/EGH400-1 Thesis/VHDL/initial/Initial_Implementation_FFT/Initial_Implementation_FFT.srcs/sources_1/new/DFT_loop.vhd:68]
INFO: [Synth 8-638] synthesizing module 'dsp_macro_0' [C:/REPOS/EGH400_1/EGH400-1 Thesis/VHDL/initial/iniital_2/project_3/.Xil/Vivado-6724-DESKTOP-BDA8VGJ/realtime/dsp_macro_0_stub.vhdl:16]
INFO: [Synth 8-256] done synthesizing module 'DFT_loop' (0#1) [C:/REPOS/EGH400_1/EGH400-1 Thesis/VHDL/initial/Initial_Implementation_FFT/Initial_Implementation_FFT.srcs/sources_1/new/DFT_loop.vhd:19]
INFO: [Synth 8-3491] module 'Twiddle_factors' declared at 'C:/REPOS/EGH400_1/EGH400-1 Thesis/VHDL/initial/Initial_Implementation_FFT/Initial_Implementation_FFT.srcs/sources_1/new/Twiddle_factors.vhd:35' bound to instance 'TWiddle1' of component 'Twiddle_factors' [C:/REPOS/EGH400_1/EGH400-1 Thesis/VHDL/initial_2/fpga_top.vhd:135]
INFO: [Synth 8-638] synthesizing module 'Twiddle_factors' [C:/REPOS/EGH400_1/EGH400-1 Thesis/VHDL/initial/Initial_Implementation_FFT/Initial_Implementation_FFT.srcs/sources_1/new/Twiddle_factors.vhd:44]
INFO: [Synth 8-3491] module 'TW_RAM' declared at 'C:/REPOS/EGH400_1/EGH400-1 Thesis/VHDL/initial/iniital_2/project_3/.Xil/Vivado-6724-DESKTOP-BDA8VGJ/realtime/TW_RAM_stub.vhdl:5' bound to instance 'Twiddle_1' of component 'TW_RAM' [C:/REPOS/EGH400_1/EGH400-1 Thesis/VHDL/initial/Initial_Implementation_FFT/Initial_Implementation_FFT.srcs/sources_1/new/Twiddle_factors.vhd:64]
INFO: [Synth 8-638] synthesizing module 'TW_RAM' [C:/REPOS/EGH400_1/EGH400-1 Thesis/VHDL/initial/iniital_2/project_3/.Xil/Vivado-6724-DESKTOP-BDA8VGJ/realtime/TW_RAM_stub.vhdl:17]
INFO: [Synth 8-256] done synthesizing module 'Twiddle_factors' (0#1) [C:/REPOS/EGH400_1/EGH400-1 Thesis/VHDL/initial/Initial_Implementation_FFT/Initial_Implementation_FFT.srcs/sources_1/new/Twiddle_factors.vhd:44]
INFO: [Synth 8-256] done synthesizing module 'fpga_top' (0#1) [C:/REPOS/EGH400_1/EGH400-1 Thesis/VHDL/initial_2/fpga_top.vhd:37]
WARNING: [Synth 8-7129] Port bitstream_value[1] in module DFTBD_RAM is either unconnected or has no load
WARNING: [Synth 8-7129] Port bitstream_value[0] in module DFTBD_RAM is either unconnected or has no load
---------------------------------------------------------------------------------
Finished RTL Elaboration : Time (s): cpu = 00:00:06 ; elapsed = 00:00:06 . Memory (MB): peak = 2002.031 ; gain = 302.469
---------------------------------------------------------------------------------
---------------------------------------------------------------------------------
Start Handling Custom Attributes
---------------------------------------------------------------------------------
---------------------------------------------------------------------------------
Finished Handling Custom Attributes : Time (s): cpu = 00:00:06 ; elapsed = 00:00:06 . Memory (MB): peak = 2002.031 ; gain = 302.469
---------------------------------------------------------------------------------
---------------------------------------------------------------------------------
Finished RTL Optimization Phase 1 : Time (s): cpu = 00:00:06 ; elapsed = 00:00:06 . Memory (MB): peak = 2002.031 ; gain = 302.469
---------------------------------------------------------------------------------
INFO: [Project 1-454] Reading design checkpoint 'c:/REPOS/EGH400_1/EGH400-1 Thesis/VHDL/initial/Initial_Implementation_FFT/Initial_Implementation_FFT.gen/sources_1/ip/clk_wiz_0/clk_wiz_0.dcp' for cell 'CLOCK'
INFO: [Project 1-454] Reading design checkpoint 'c:/REPOS/EGH400_1/EGH400-1 Thesis/VHDL/initial/Initial_Implementation_FFT/Initial_Implementation_FFT.gen/sources_1/ip/DFTBD_MEM1/DFTBD_MEM1.dcp' for cell 'DFTBD_RAMs/DFTBD_RAM1'
INFO: [Project 1-454] Reading design checkpoint 'c:/REPOS/EGH400_1/EGH400-1 Thesis/VHDL/initial/Initial_Implementation_FFT/Initial_Implementation_FFT.gen/sources_1/ip/DFTBD_MEM2/DFTBD_MEM2.dcp' for cell 'DFTBD_RAMs/DFTBD_RAM2'
INFO: [Project 1-454] Reading design checkpoint 'c:/REPOS/EGH400_1/EGH400-1 Thesis/VHDL/initial/Initial_Implementation_FFT/Initial_Implementation_FFT.gen/sources_1/ip/DFTBD_MEM8/DFTBD_MEM8.dcp' for cell 'DFTBD_RAMs/DFTBD_RAM8'
INFO: [Project 1-454] Reading design checkpoint 'c:/REPOS/EGH400_1/EGH400-1 Thesis/VHDL/initial/Initial_Implementation_FFT/Initial_Implementation_FFT.gen/sources_1/ip/DFTBD_MEM3/DFTBD_MEM3.dcp' for cell 'DFTBD_RAMs/DFTBD_RAM3'
INFO: [Project 1-454] Reading design checkpoint 'c:/REPOS/EGH400_1/EGH400-1 Thesis/VHDL/initial/Initial_Implementation_FFT/Initial_Implementation_FFT.gen/sources_1/ip/DFTBD_MEM4/DFTBD_MEM4.dcp' for cell 'DFTBD_RAMs/DFTBD_RAM4'
INFO: [Project 1-454] Reading design checkpoint 'c:/REPOS/EGH400_1/EGH400-1 Thesis/VHDL/initial/Initial_Implementation_FFT/Initial_Implementation_FFT.gen/sources_1/ip/DFTBD_MEM5/DFTBD_MEM5.dcp' for cell 'DFTBD_RAMs/DFTBD_RAM5'
INFO: [Project 1-454] Reading design checkpoint 'c:/REPOS/EGH400_1/EGH400-1 Thesis/VHDL/initial/Initial_Implementation_FFT/Initial_Implementation_FFT.gen/sources_1/ip/DFTBD_MEM6/DFTBD_MEM6.dcp' for cell 'DFTBD_RAMs/DFTBD_RAM6'
INFO: [Project 1-454] Reading design checkpoint 'c:/REPOS/EGH400_1/EGH400-1 Thesis/VHDL/initial/Initial_Implementation_FFT/Initial_Implementation_FFT.gen/sources_1/ip/DFTBD_MEM7/DFTBD_MEM7.dcp' for cell 'DFTBD_RAMs/DFTBD_RAM7'
INFO: [Project 1-454] Reading design checkpoint 'c:/REPOS/EGH400_1/EGH400-1 Thesis/VHDL/initial/Initial_Implementation_FFT/Initial_Implementation_FFT.gen/sources_1/ip/dsp_macro_0/dsp_macro_0.dcp' for cell 'Series_recombination_loop/first'
INFO: [Project 1-454] Reading design checkpoint 'c:/REPOS/EGH400_1/EGH400-1 Thesis/VHDL/initial/Initial_Implementation_FFT/Initial_Implementation_FFT.gen/sources_1/ip/TW_RAM/TW_RAM.dcp' for cell 'TWiddle1/Twiddle_1'
Netlist sorting complete. Time (s): cpu = 00:00:00 ; elapsed = 00:00:00.036 . Memory (MB): peak = 2030.086 ; gain = 0.000
INFO: [Netlist 29-17] Analyzing 11 Unisim elements for replacement
INFO: [Netlist 29-28] Unisim Transformation completed in 0 CPU seconds
INFO: [Project 1-479] Netlist was created with Vivado 2022.1
INFO: [Project 1-570] Preparing netlist for logic optimization

Processing XDC Constraints
Initializing timing engine
Parsing XDC File [c:/REPOS/EGH400_1/EGH400-1 Thesis/VHDL/initial/Initial_Implementation_FFT/Initial_Implementation_FFT.gen/sources_1/ip/clk_wiz_0/clk_wiz_0_board.xdc] for cell 'CLOCK/inst'
Finished Parsing XDC File [c:/REPOS/EGH400_1/EGH400-1 Thesis/VHDL/initial/Initial_Implementation_FFT/Initial_Implementation_FFT.gen/sources_1/ip/clk_wiz_0/clk_wiz_0_board.xdc] for cell 'CLOCK/inst'
Parsing XDC File [c:/REPOS/EGH400_1/EGH400-1 Thesis/VHDL/initial/Initial_Implementation_FFT/Initial_Implementation_FFT.gen/sources_1/ip/clk_wiz_0/clk_wiz_0.xdc] for cell 'CLOCK/inst'
Finished Parsing XDC File [c:/REPOS/EGH400_1/EGH400-1 Thesis/VHDL/initial/Initial_Implementation_FFT/Initial_Implementation_FFT.gen/sources_1/ip/clk_wiz_0/clk_wiz_0.xdc] for cell 'CLOCK/inst'
INFO: [Project 1-236] Implementation specific constraints were found while reading constraint file [c:/REPOS/EGH400_1/EGH400-1 Thesis/VHDL/initial/Initial_Implementation_FFT/Initial_Implementation_FFT.gen/sources_1/ip/clk_wiz_0/clk_wiz_0.xdc]. These constraints will be ignored for synthesis but will be used in implementation. Impacted constraints are listed in the file [.Xil/fpga_top_propImpl.xdc].
Resolution: To avoid this warning, move constraints listed in [.Xil/fpga_top_propImpl.xdc] to another XDC file and exclude this new file from synthesis with the used_in_synthesis property (File Properties dialog in GUI) and re-run elaboration/synthesis.
INFO: [Timing 38-2] Deriving generated clocks
Parsing XDC File [C:/REPOS/EGH400_1/EGH400-1 Thesis/VHDL/initial_2/arty.xdc]
WARNING: [Vivado 12-584] No ports matched 'sw[0]'. [C:/REPOS/EGH400_1/EGH400-1 Thesis/VHDL/initial_2/arty.xdc:17]
WARNING: [Vivado 12-584] No ports matched 'sw[1]'. [C:/REPOS/EGH400_1/EGH400-1 Thesis/VHDL/initial_2/arty.xdc:18]
WARNING: [Vivado 12-584] No ports matched 'sw[2]'. [C:/REPOS/EGH400_1/EGH400-1 Thesis/VHDL/initial_2/arty.xdc:19]
WARNING: [Vivado 12-584] No ports matched 'sw[3]'. [C:/REPOS/EGH400_1/EGH400-1 Thesis/VHDL/initial_2/arty.xdc:20]
WARNING: [Vivado 12-584] No ports matched 'led_b[0]'. [C:/REPOS/EGH400_1/EGH400-1 Thesis/VHDL/initial_2/arty.xdc:24]
WARNING: [Vivado 12-584] No ports matched 'led_g[0]'. [C:/REPOS/EGH400_1/EGH400-1 Thesis/VHDL/initial_2/arty.xdc:25]
WARNING: [Vivado 12-584] No ports matched 'led_r[0]'. [C:/REPOS/EGH400_1/EGH400-1 Thesis/VHDL/initial_2/arty.xdc:26]
WARNING: [Vivado 12-584] No ports matched 'led_b[1]'. [C:/REPOS/EGH400_1/EGH400-1 Thesis/VHDL/initial_2/arty.xdc:27]
WARNING: [Vivado 12-584] No ports matched 'led_g[1]'. [C:/REPOS/EGH400_1/EGH400-1 Thesis/VHDL/initial_2/arty.xdc:28]
WARNING: [Vivado 12-584] No ports matched 'led_r[1]'. [C:/REPOS/EGH400_1/EGH400-1 Thesis/VHDL/initial_2/arty.xdc:29]
WARNING: [Vivado 12-584] No ports matched 'led_b[2]'. [C:/REPOS/EGH400_1/EGH400-1 Thesis/VHDL/initial_2/arty.xdc:30]
WARNING: [Vivado 12-584] No ports matched 'led_g[2]'. [C:/REPOS/EGH400_1/EGH400-1 Thesis/VHDL/initial_2/arty.xdc:31]
WARNING: [Vivado 12-584] No ports matched 'led_r[2]'. [C:/REPOS/EGH400_1/EGH400-1 Thesis/VHDL/initial_2/arty.xdc:32]
WARNING: [Vivado 12-584] No ports matched 'led_b[3]'. [C:/REPOS/EGH400_1/EGH400-1 Thesis/VHDL/initial_2/arty.xdc:33]
WARNING: [Vivado 12-584] No ports matched 'led_g[3]'. [C:/REPOS/EGH400_1/EGH400-1 Thesis/VHDL/initial_2/arty.xdc:34]
WARNING: [Vivado 12-584] No ports matched 'led_r[3]'. [C:/REPOS/EGH400_1/EGH400-1 Thesis/VHDL/initial_2/arty.xdc:35]
WARNING: [Vivado 12-584] No ports matched 'led[0]'. [C:/REPOS/EGH400_1/EGH400-1 Thesis/VHDL/initial_2/arty.xdc:39]
WARNING: [Vivado 12-584] No ports matched 'led[1]'. [C:/REPOS/EGH400_1/EGH400-1 Thesis/VHDL/initial_2/arty.xdc:40]
WARNING: [Vivado 12-584] No ports matched 'led[2]'. [C:/REPOS/EGH400_1/EGH400-1 Thesis/VHDL/initial_2/arty.xdc:41]
WARNING: [Vivado 12-584] No ports matched 'led[3]'. [C:/REPOS/EGH400_1/EGH400-1 Thesis/VHDL/initial_2/arty.xdc:42]
WARNING: [Vivado 12-584] No ports matched 'btn[0]'. [C:/REPOS/EGH400_1/EGH400-1 Thesis/VHDL/initial_2/arty.xdc:46]
WARNING: [Vivado 12-584] No ports matched 'btn[1]'. [C:/REPOS/EGH400_1/EGH400-1 Thesis/VHDL/initial_2/arty.xdc:47]
WARNING: [Vivado 12-584] No ports matched 'btn[2]'. [C:/REPOS/EGH400_1/EGH400-1 Thesis/VHDL/initial_2/arty.xdc:48]
WARNING: [Vivado 12-584] No ports matched 'btn[3]'. [C:/REPOS/EGH400_1/EGH400-1 Thesis/VHDL/initial_2/arty.xdc:49]
WARNING: [Vivado 12-584] No ports matched 'ja[0]'. [C:/REPOS/EGH400_1/EGH400-1 Thesis/VHDL/initial_2/arty.xdc:53]
WARNING: [Vivado 12-584] No ports matched 'ja[1]'. [C:/REPOS/EGH400_1/EGH400-1 Thesis/VHDL/initial_2/arty.xdc:54]
WARNING: [Vivado 12-584] No ports matched 'ja[2]'. [C:/REPOS/EGH400_1/EGH400-1 Thesis/VHDL/initial_2/arty.xdc:55]
WARNING: [Vivado 12-584] No ports matched 'ja[3]'. [C:/REPOS/EGH400_1/EGH400-1 Thesis/VHDL/initial_2/arty.xdc:56]
WARNING: [Vivado 12-584] No ports matched 'ja[4]'. [C:/REPOS/EGH400_1/EGH400-1 Thesis/VHDL/initial_2/arty.xdc:57]
WARNING: [Vivado 12-584] No ports matched 'ja[5]'. [C:/REPOS/EGH400_1/EGH400-1 Thesis/VHDL/initial_2/arty.xdc:58]
WARNING: [Vivado 12-584] No ports matched 'ja[6]'. [C:/REPOS/EGH400_1/EGH400-1 Thesis/VHDL/initial_2/arty.xdc:59]
WARNING: [Vivado 12-584] No ports matched 'ja[7]'. [C:/REPOS/EGH400_1/EGH400-1 Thesis/VHDL/initial_2/arty.xdc:60]
WARNING: [Vivado 12-584] No ports matched 'jb[0]'. [C:/REPOS/EGH400_1/EGH400-1 Thesis/VHDL/initial_2/arty.xdc:64]
WARNING: [Vivado 12-584] No ports matched 'jb[1]'. [C:/REPOS/EGH400_1/EGH400-1 Thesis/VHDL/initial_2/arty.xdc:65]
WARNING: [Vivado 12-584] No ports matched 'jb[2]'. [C:/REPOS/EGH400_1/EGH400-1 Thesis/VHDL/initial_2/arty.xdc:66]
WARNING: [Vivado 12-584] No ports matched 'jb[3]'. [C:/REPOS/EGH400_1/EGH400-1 Thesis/VHDL/initial_2/arty.xdc:67]
WARNING: [Vivado 12-584] No ports matched 'jb[4]'. [C:/REPOS/EGH400_1/EGH400-1 Thesis/VHDL/initial_2/arty.xdc:68]
WARNING: [Vivado 12-584] No ports matched 'jb[5]'. [C:/REPOS/EGH400_1/EGH400-1 Thesis/VHDL/initial_2/arty.xdc:69]
WARNING: [Vivado 12-584] No ports matched 'jb[6]'. [C:/REPOS/EGH400_1/EGH400-1 Thesis/VHDL/initial_2/arty.xdc:70]
WARNING: [Vivado 12-584] No ports matched 'jb[7]'. [C:/REPOS/EGH400_1/EGH400-1 Thesis/VHDL/initial_2/arty.xdc:71]
WARNING: [Vivado 12-584] No ports matched 'jc[0]'. [C:/REPOS/EGH400_1/EGH400-1 Thesis/VHDL/initial_2/arty.xdc:75]
WARNING: [Vivado 12-584] No ports matched 'jc[1]'. [C:/REPOS/EGH400_1/EGH400-1 Thesis/VHDL/initial_2/arty.xdc:76]
WARNING: [Vivado 12-584] No ports matched 'jc[2]'. [C:/REPOS/EGH400_1/EGH400-1 Thesis/VHDL/initial_2/arty.xdc:77]
WARNING: [Vivado 12-584] No ports matched 'jc[3]'. [C:/REPOS/EGH400_1/EGH400-1 Thesis/VHDL/initial_2/arty.xdc:78]
WARNING: [Vivado 12-584] No ports matched 'jc[4]'. [C:/REPOS/EGH400_1/EGH400-1 Thesis/VHDL/initial_2/arty.xdc:79]
WARNING: [Vivado 12-584] No ports matched 'jc[5]'. [C:/REPOS/EGH400_1/EGH400-1 Thesis/VHDL/initial_2/arty.xdc:80]
WARNING: [Vivado 12-584] No ports matched 'jc[6]'. [C:/REPOS/EGH400_1/EGH400-1 Thesis/VHDL/initial_2/arty.xdc:81]
WARNING: [Vivado 12-584] No ports matched 'jc[7]'. [C:/REPOS/EGH400_1/EGH400-1 Thesis/VHDL/initial_2/arty.xdc:82]
WARNING: [Vivado 12-584] No ports matched 'jd[0]'. [C:/REPOS/EGH400_1/EGH400-1 Thesis/VHDL/initial_2/arty.xdc:86]
WARNING: [Vivado 12-584] No ports matched 'jd[1]'. [C:/REPOS/EGH400_1/EGH400-1 Thesis/VHDL/initial_2/arty.xdc:87]
WARNING: [Vivado 12-584] No ports matched 'jd[2]'. [C:/REPOS/EGH400_1/EGH400-1 Thesis/VHDL/initial_2/arty.xdc:88]
WARNING: [Vivado 12-584] No ports matched 'jd[3]'. [C:/REPOS/EGH400_1/EGH400-1 Thesis/VHDL/initial_2/arty.xdc:89]
WARNING: [Vivado 12-584] No ports matched 'jd[4]'. [C:/REPOS/EGH400_1/EGH400-1 Thesis/VHDL/initial_2/arty.xdc:90]
WARNING: [Vivado 12-584] No ports matched 'jd[5]'. [C:/REPOS/EGH400_1/EGH400-1 Thesis/VHDL/initial_2/arty.xdc:91]
WARNING: [Vivado 12-584] No ports matched 'jd[6]'. [C:/REPOS/EGH400_1/EGH400-1 Thesis/VHDL/initial_2/arty.xdc:92]
WARNING: [Vivado 12-584] No ports matched 'jd[7]'. [C:/REPOS/EGH400_1/EGH400-1 Thesis/VHDL/initial_2/arty.xdc:93]
WARNING: [Vivado 12-584] No ports matched 'uart_tx'. [C:/REPOS/EGH400_1/EGH400-1 Thesis/VHDL/initial_2/arty.xdc:97]
WARNING: [Vivado 12-584] No ports matched 'uart_rx'. [C:/REPOS/EGH400_1/EGH400-1 Thesis/VHDL/initial_2/arty.xdc:98]
WARNING: [Vivado 12-584] No ports matched 'bnc_pwm'. [C:/REPOS/EGH400_1/EGH400-1 Thesis/VHDL/initial_2/arty.xdc:125]
WARNING: [Vivado 12-584] No ports matched 'bnc_xsync'. [C:/REPOS/EGH400_1/EGH400-1 Thesis/VHDL/initial_2/arty.xdc:126]
WARNING: [Vivado 12-584] No ports matched 'bnc_xsoc'. [C:/REPOS/EGH400_1/EGH400-1 Thesis/VHDL/initial_2/arty.xdc:127]
Finished Parsing XDC File [C:/REPOS/EGH400_1/EGH400-1 Thesis/VHDL/initial_2/arty.xdc]
WARNING: [Project 1-498] One or more constraints failed evaluation while reading constraint file [C:/REPOS/EGH400_1/EGH400-1 Thesis/VHDL/initial_2/arty.xdc] and the design contains unresolved black boxes. These constraints will be read post-synthesis (as long as their source constraint file is marked as used_in_implementation) and should be applied correctly then. You should review the constraints listed in the file [.Xil/fpga_top_propImpl.xdc] and check the run log file to verify that these constraints were correctly applied.
Completed Processing XDC Constraints

Netlist sorting complete. Time (s): cpu = 00:00:00 ; elapsed = 00:00:00 . Memory (MB): peak = 2049.223 ; gain = 0.000
INFO: [Project 1-111] Unisim Transformation Summary:
No Unisim elements were transformed.

RTL Elaboration Complete:  : Time (s): cpu = 00:00:15 ; elapsed = 00:00:10 . Memory (MB): peak = 2115.547 ; gain = 415.984
52 Infos, 64 Warnings, 0 Critical Warnings and 0 Errors encountered.
synth_design completed successfully
synth_design: Time (s): cpu = 00:00:18 ; elapsed = 00:00:13 . Memory (MB): peak = 2115.547 ; gain = 415.984
exit
INFO: [Common 17-206] Exiting Vivado at Sun Jun  5 16:13:56 2022...
